Copyright 1986-2017 Xilinx, Inc. All Rights Reserved.
-------------------------------------------------------------------------------------------------------------------------------
| Tool Version     : Vivado v.2017.4 (win64) Build 2086221 Fri Dec 15 20:55:39 MST 2017
| Date             : Wed May 17 21:49:48 2023
| Host             : LAPTOP-IFRFTT91 running 64-bit major release  (build 9200)
| Command          : report_power -file Top_power_routed.rpt -pb Top_power_summary_routed.pb -rpx Top_power_routed.rpx
| Design           : Top
| Device           : xc7a35tcsg324-1
| Design State     : routed
| Grade            : commercial
| Process          : typical
| Characterization : Production
-------------------------------------------------------------------------------------------------------------------------------

Power Report

Table of Contents
-----------------
1. Summary
1.1 On-Chip Components
1.2 Power Supply Summary
1.3 Confidence Level
2. Settings
2.1 Environment
2.2 Clock Constraints
3. Detailed Reports
3.1 By Hierarchy

1. Summary
----------

+--------------------------+-----------------------------------+
| Total On-Chip Power (W)  | 131.371 (Junction temp exceeded!) |
| Design Power Budget (W)  | Unspecified*                      |
| Power Budget Margin (W)  | NA                                |
| Dynamic (W)              | 130.866                           |
| Device Static (W)        | 0.504                             |
| Effective TJA (C/W)      | 4.8                               |
| Max Ambient (C)          | 0.0                               |
| Junction Temperature (C) | 125.0                             |
| Confidence Level         | Low                               |
| Setting File             | ---                               |
| Simulation Activity File | ---                               |
| Design Nets Matched      | NA                                |
+--------------------------+-----------------------------------+
* Specify Design Power Budget using, set_operating_conditions -design_power_budget <value in Watts>


1.1 On-Chip Components
----------------------

+----------------+-----------+----------+-----------+-----------------+
| On-Chip        | Power (W) | Used     | Available | Utilization (%) |
+----------------+-----------+----------+-----------+-----------------+
| Slice Logic    |    34.159 |     4315 |       --- |             --- |
|   LUT as Logic |    33.135 |     2172 |     20800 |           10.44 |
|   F7/F8 Muxes  |     0.630 |      514 |     32600 |            1.58 |
|   CARRY4       |     0.282 |       84 |      8150 |            1.03 |
|   Register     |     0.089 |     1208 |     41600 |            2.90 |
|   BUFG         |     0.023 |        5 |        32 |           15.63 |
|   Others       |     0.000 |       97 |       --- |             --- |
| Signals        |    37.258 |     3273 |       --- |             --- |
| Block RAM      |     1.337 |       29 |        50 |           58.00 |
| PLL            |     3.885 |        1 |         5 |           20.00 |
| I/O            |    54.227 |       38 |       210 |           18.10 |
| Static Power   |     0.504 |          |           |                 |
| Total          |   131.371 |          |           |                 |
+----------------+-----------+----------+-----------+-----------------+


1.2 Power Supply Summary
------------------------

+-----------+-------------+-----------+-------------+------------+
| Source    | Voltage (V) | Total (A) | Dynamic (A) | Static (A) |
+-----------+-------------+-----------+-------------+------------+
| Vccint    |       1.000 |    73.660 |      73.311 |      0.350 |
| Vccaux    |       1.800 |     3.849 |       3.796 |      0.053 |
| Vcco33    |       3.300 |    15.338 |      15.337 |      0.001 |
| Vcco25    |       2.500 |     0.000 |       0.000 |      0.000 |
| Vcco18    |       1.800 |     0.000 |       0.000 |      0.000 |
| Vcco15    |       1.500 |     0.000 |       0.000 |      0.000 |
| Vcco135   |       1.350 |     0.000 |       0.000 |      0.000 |
| Vcco12    |       1.200 |     0.000 |       0.000 |      0.000 |
| Vccaux_io |       1.800 |     0.000 |       0.000 |      0.000 |
| Vccbram   |       1.000 |     0.129 |       0.110 |      0.019 |
| MGTAVcc   |       1.000 |     0.000 |       0.000 |      0.000 |
| MGTAVtt   |       1.200 |     0.000 |       0.000 |      0.000 |
| Vccadc    |       1.800 |     0.020 |       0.000 |      0.020 |
+-----------+-------------+-----------+-------------+------------+


1.3 Confidence Level
--------------------

+-----------------------------+------------+--------------------------------------------------------+--------------------------------------------------------------------------------------------------------------------+
| User Input Data             | Confidence | Details                                                | Action                                                                                                             |
+-----------------------------+------------+--------------------------------------------------------+--------------------------------------------------------------------------------------------------------------------+
| Design implementation state | High       | Design is routed                                       |                                                                                                                    |
| Clock nodes activity        | Low        | User specified less than 75% of clocks                 | Provide missing clock activity with a constraint file, simulation results or by editing the "By Clock Domain" view |
| I/O nodes activity          | Low        | More than 75% of inputs are missing user specification | Provide missing input activity with simulation results or by editing the "By Resource Type -> I/Os" view           |
| Internal nodes activity     | Medium     | User specified less than 25% of internal nodes         | Provide missing internal nodes activity with simulation results or by editing the "By Resource Type" views         |
| Device models               | High       | Device models are Production                           |                                                                                                                    |
|                             |            |                                                        |                                                                                                                    |
| Overall confidence level    | Low        |                                                        |                                                                                                                    |
+-----------------------------+------------+--------------------------------------------------------+--------------------------------------------------------------------------------------------------------------------+


2. Settings
-----------

2.1 Environment
---------------

+-----------------------+--------------------------+
| Ambient Temp (C)      | 25.0                     |
| ThetaJA (C/W)         | 4.8                      |
| Airflow (LFM)         | 250                      |
| Heat Sink             | medium (Medium Profile)  |
| ThetaSA (C/W)         | 4.6                      |
| Board Selection       | medium (10"x10")         |
| # of Board Layers     | 12to15 (12 to 15 Layers) |
| Board Temperature (C) | 25.0                     |
+-----------------------+--------------------------+


2.2 Clock Constraints
---------------------

+-------+--------+-----------------+
| Clock | Domain | Constraint (ns) |
+-------+--------+-----------------+


3. Detailed Reports
-------------------

3.1 By Hierarchy
----------------

+------------------------------------------------+-----------+
| Name                                           | Power (W) |
+------------------------------------------------+-----------+
| Top                                            |   130.867 |
|   controller                                   |     3.253 |
|   cpu_clock                                    |     4.061 |
|     inst                                       |     4.061 |
|   dmemory                                      |     1.570 |
|     ram                                        |     1.570 |
|       U0                                       |     1.570 |
|         inst_blk_mem_gen                       |     1.570 |
|           gnbram.gnativebmg.native_blk_mem_gen |     1.570 |
|             valid.cstr                         |     1.570 |
|               bindec_a.bindec_inst_a           |     0.075 |
|               has_mux_a.A                      |     0.488 |
|               ramloop[0].ram.r                 |     0.072 |
|                 prim_init.ram                  |     0.072 |
|               ramloop[10].ram.r                |     0.013 |
|                 prim_init.ram                  |     0.013 |
|               ramloop[11].ram.r                |     0.103 |
|                 prim_init.ram                  |     0.103 |
|               ramloop[12].ram.r                |     0.040 |
|                 prim_init.ram                  |     0.040 |
|               ramloop[13].ram.r                |     0.035 |
|                 prim_init.ram                  |     0.035 |
|               ramloop[14].ram.r                |     0.011 |
|                 prim_init.ram                  |     0.011 |
|               ramloop[1].ram.r                 |     0.133 |
|                 prim_init.ram                  |     0.133 |
|               ramloop[2].ram.r                 |     0.132 |
|                 prim_init.ram                  |     0.132 |
|               ramloop[3].ram.r                 |     0.116 |
|                 prim_init.ram                  |     0.116 |
|               ramloop[4].ram.r                 |     0.076 |
|                 prim_init.ram                  |     0.076 |
|               ramloop[5].ram.r                 |     0.080 |
|                 prim_init.ram                  |     0.080 |
|               ramloop[6].ram.r                 |     0.013 |
|                 prim_init.ram                  |     0.013 |
|               ramloop[7].ram.r                 |     0.112 |
|                 prim_init.ram                  |     0.112 |
|               ramloop[8].ram.r                 |     0.034 |
|                 prim_init.ram                  |     0.034 |
|               ramloop[9].ram.r                 |     0.037 |
|                 prim_init.ram                  |     0.037 |
|   hwass                                        |    28.782 |
|     nolabel_line49                             |     0.182 |
|     rsl                                        |     2.983 |
|   idecoder                                     |    15.896 |
|   ifetch                                       |    21.023 |
|     ram                                        |     4.796 |
|       U0                                       |     4.796 |
|         inst_blk_mem_gen                       |     4.796 |
|           gnbram.gnativebmg.native_blk_mem_gen |     4.796 |
|             valid.cstr                         |     4.796 |
|               bindec_a.bindec_inst_a           |     0.052 |
|               has_mux_a.A                      |     3.662 |
|               ramloop[0].ram.r                 |     0.107 |
|                 prim_init.ram                  |     0.107 |
|               ramloop[10].ram.r                |     0.049 |
|                 prim_init.ram                  |     0.049 |
|               ramloop[11].ram.r                |     0.048 |
|                 prim_init.ram                  |     0.048 |
|               ramloop[12].ram.r                |     0.040 |
|                 prim_init.ram                  |     0.040 |
|               ramloop[13].ram.r                |     0.043 |
|                 prim_init.ram                  |     0.043 |
|               ramloop[14].ram.r                |     0.044 |
|                 prim_init.ram                  |     0.044 |
|               ramloop[1].ram.r                 |     0.207 |
|                 prim_init.ram                  |     0.207 |
|               ramloop[2].ram.r                 |     0.200 |
|                 prim_init.ram                  |     0.200 |
|               ramloop[3].ram.r                 |     0.039 |
|                 prim_init.ram                  |     0.039 |
|               ramloop[4].ram.r                 |     0.065 |
|                 prim_init.ram                  |     0.065 |
|               ramloop[5].ram.r                 |     0.070 |
|                 prim_init.ram                  |     0.070 |
|               ramloop[6].ram.r                 |     0.042 |
|                 prim_init.ram                  |     0.042 |
|               ramloop[7].ram.r                 |     0.040 |
|                 prim_init.ram                  |     0.040 |
|               ramloop[8].ram.r                 |     0.046 |
|                 prim_init.ram                  |     0.046 |
|               ramloop[9].ram.r                 |     0.042 |
|                 prim_init.ram                  |     0.042 |
|   pc                                           |     1.962 |
+------------------------------------------------+-----------+


