#-----------------------------------------------------------
# Vivado v2017.4 (64-bit)
# SW Build 2086221 on Fri Dec 15 20:55:39 MST 2017
# IP Build 2085800 on Fri Dec 15 22:25:07 MST 2017
# Start of session at: Thu May 18 23:24:03 2023
# Process ID: 12132
# Current directory: D:/workspace-verilog/cs202-cpu/cpu
# Command line: vivado.exe -gui_launcher_event rodinguilauncherevent4156 D:\workspace-verilog\cs202-cpu\cpu\cpu.xpr
# Log file: D:/workspace-verilog/cs202-cpu/cpu/vivado.log
# Journal file: D:/workspace-verilog/cs202-cpu/cpu\vivado.jou
#-----------------------------------------------------------
start_gui
open_project D:/workspace-verilog/cs202-cpu/cpu/cpu.xpr
Scanning sources...
Finished scanning sources
INFO: [IP_Flow 19-234] Refreshing IP repositories
INFO: [IP_Flow 19-1700] Loaded user IP repository 'd:/workspace-verilog/cs202-cpu/SEU_CSE_507_user_uart_bmpg_1.3'.
INFO: [IP_Flow 19-2313] Loaded Vivado IP repository 'D:/Vivado/Vivado/2017.4/data/ip'.
open_project: Time (s): cpu = 00:00:03 ; elapsed = 00:00:05 . Memory (MB): peak = 908.469 ; gain = 182.848
exit
INFO: [Common 17-206] Exiting Vivado at Thu May 18 23:24:26 2023...
