#-----------------------------------------------------------
# Vivado v2017.4 (64-bit)
# SW Build 2086221 on Fri Dec 15 20:55:39 MST 2017
# IP Build 2085800 on Fri Dec 15 22:25:07 MST 2017
# Start of session at: Tue May 23 21:36:23 2023
# Process ID: 25396
# Current directory: D:/csw/Desk/CS202/CPU/simple-cpu/cpu
# Command line: vivado.exe -gui_launcher_event rodinguilauncherevent19256 D:\csw\Desk\CS202\CPU\simple-cpu\cpu\cpu.xpr
# Log file: D:/csw/Desk/CS202/CPU/simple-cpu/cpu/vivado.log
# Journal file: D:/csw/Desk/CS202/CPU/simple-cpu/cpu\vivado.jou
#-----------------------------------------------------------
start_gui
open_project D:/csw/Desk/CS202/CPU/simple-cpu/cpu/cpu.xpr
Scanning sources...
Finished scanning sources
INFO: [IP_Flow 19-234] Refreshing IP repositories
INFO: [IP_Flow 19-1700] Loaded user IP repository 'd:/csw/Desk/CS202/CPU/simple-cpu/SEU_CSE_507_user_uart_bmpg_1.3'.
INFO: [IP_Flow 19-2313] Loaded Vivado IP repository 'D:/csw/Xilinx/Vivado/2017.4/data/ip'.
update_compile_order -fileset sources_1
exit
INFO: [Common 17-206] Exiting Vivado at Tue May 23 22:14:48 2023...
