#-----------------------------------------------------------
# Vivado v2017.4 (64-bit)
# SW Build 2086221 on Fri Dec 15 20:55:39 MST 2017
# IP Build 2085800 on Fri Dec 15 22:25:07 MST 2017
# Start of session at: Tue May 16 22:04:44 2023
# Process ID: 10124
# Current directory: D:/csw/Desk/CS202/CPU/simple-cpu/cpu
# Command line: vivado.exe -gui_launcher_event rodinguilauncherevent17812 D:\csw\Desk\CS202\CPU\simple-cpu\cpu\cpu.xpr
# Log file: D:/csw/Desk/CS202/CPU/simple-cpu/cpu/vivado.log
# Journal file: D:/csw/Desk/CS202/CPU/simple-cpu/cpu\vivado.jou
#-----------------------------------------------------------
start_gui
open_project D:/csw/Desk/CS202/CPU/simple-cpu/cpu/cpu.xpr
Scanning sources...
Finished scanning sources
INFO: [IP_Flow 19-234] Refreshing IP repositories
INFO: [IP_Flow 19-1704] No user IP repositories specified
INFO: [IP_Flow 19-2313] Loaded Vivado IP repository 'D:/csw/Xilinx/Vivado/2017.4/data/ip'.
update_compile_order -fileset sources_1
update_compile_order -fileset sim_1
update_compile_order -fileset sim_1
INFO: [Device 21-403] Loading part xc7a35tcsg324-1
WARNING: [IP_Flow 19-4067] Ignoring invalid widget type specified checkbox.Providing a default widget
WARNING: [IP_Flow 19-4067] Ignoring invalid widget type specified checkbox.Providing a default widget
generate_target all [get_files  D:/csw/Desk/CS202/CPU/simple-cpu/cpu/cpu.srcs/sources_1/ip/IMem/IMem.xci]
INFO: [IP_Flow 19-1686] Generating 'Instantiation Template' target for IP 'IMem'...
INFO: [IP_Flow 19-1686] Generating 'Synthesis' target for IP 'IMem'...
INFO: [IP_Flow 19-1686] Generating 'Simulation' target for IP 'IMem'...
INFO: [IP_Flow 19-1686] Generating 'Miscellaneous' target for IP 'IMem'...
INFO: [IP_Flow 19-1686] Generating 'Change Log' target for IP 'IMem'...
catch { config_ip_cache -export [get_ips -all IMem] }
export_ip_user_files -of_objects [get_files D:/csw/Desk/CS202/CPU/simple-cpu/cpu/cpu.srcs/sources_1/ip/IMem/IMem.xci] -no_script -sync -force -quiet
reset_run IMem_synth_1
launch_runs -jobs 8 IMem_synth_1
[Tue May 16 22:10:36 2023] Launched IMem_synth_1...
Run output will be captured here: D:/csw/Desk/CS202/CPU/simple-cpu/cpu/cpu.runs/IMem_synth_1/runme.log
export_simulation -of_objects [get_files D:/csw/Desk/CS202/CPU/simple-cpu/cpu/cpu.srcs/sources_1/ip/IMem/IMem.xci] -directory D:/csw/Desk/CS202/CPU/simple-cpu/cpu/cpu.ip_user_files/sim_scripts -ip_user_files_dir D:/csw/Desk/CS202/CPU/simple-cpu/cpu/cpu.ip_user_files -ipstatic_source_dir D:/csw/Desk/CS202/CPU/simple-cpu/cpu/cpu.ip_user_files/ipstatic -lib_map_path [list {modelsim=D:/csw/Desk/CS202/CPU/simple-cpu/cpu/cpu.cache/compile_simlib/modelsim} {questa=D:/csw/Desk/CS202/CPU/simple-cpu/cpu/cpu.cache/compile_simlib/questa} {riviera=D:/csw/Desk/CS202/CPU/simple-cpu/cpu/cpu.cache/compile_simlib/riviera} {activehdl=D:/csw/Desk/CS202/CPU/simple-cpu/cpu/cpu.cache/compile_simlib/activehdl}] -use_ip_compiled_libs -force -quiet
WARNING: [IP_Flow 19-4067] Ignoring invalid widget type specified checkbox.Providing a default widget
WARNING: [IP_Flow 19-4067] Ignoring invalid widget type specified checkbox.Providing a default widget
WARNING: [IP_Flow 19-4067] Ignoring invalid widget type specified checkbox.Providing a default widget
WARNING: [IP_Flow 19-4067] Ignoring invalid widget type specified checkbox.Providing a default widget
WARNING: [IP_Flow 19-4067] Ignoring invalid widget type specified checkbox.Providing a default widget
WARNING: [IP_Flow 19-4067] Ignoring invalid widget type specified checkbox.Providing a default widget
generate_target all [get_files  D:/csw/Desk/CS202/CPU/simple-cpu/cpu/cpu.srcs/sources_1/ip/RAM/RAM.xci]
INFO: [IP_Flow 19-1686] Generating 'Instantiation Template' target for IP 'RAM'...
INFO: [IP_Flow 19-1686] Generating 'Synthesis' target for IP 'RAM'...
INFO: [IP_Flow 19-1686] Generating 'Simulation' target for IP 'RAM'...
INFO: [IP_Flow 19-1686] Generating 'Miscellaneous' target for IP 'RAM'...
INFO: [IP_Flow 19-1686] Generating 'Change Log' target for IP 'RAM'...
catch { config_ip_cache -export [get_ips -all RAM] }
INFO: [IP_Flow 19-4993] Using cached IP synthesis design for IP RAM, cache-ID = 19b747998db0f18d; cache size = 2.450 MB.
catch { [ delete_ip_run [get_ips -all RAM] ] }
WARNING: [Vivado 12-1017] Problems encountered:
1. Failed to delete one or more files in run directory D:/csw/Desk/CS202/CPU/simple-cpu/cpu/cpu.runs/RAM_synth_1

INFO: [Project 1-386] Moving file 'D:/csw/Desk/CS202/CPU/simple-cpu/cpu/cpu.srcs/sources_1/ip/RAM/RAM.xci' from fileset 'RAM' to fileset 'sources_1'.
export_ip_user_files -of_objects [get_files D:/csw/Desk/CS202/CPU/simple-cpu/cpu/cpu.srcs/sources_1/ip/RAM/RAM.xci] -no_script -sync -force -quiet
create_ip_run [get_files -of_objects [get_fileset sources_1] D:/csw/Desk/CS202/CPU/simple-cpu/cpu/cpu.srcs/sources_1/ip/RAM/RAM.xci]
INFO: [Vivado 12-3453] The given sub-design is up-to-date, no action was taken.  If a run is still desired, use the '-force' option for the file:'D:/csw/Desk/CS202/CPU/simple-cpu/cpu/cpu.srcs/sources_1/ip/RAM/RAM.xci'
export_simulation -of_objects [get_files D:/csw/Desk/CS202/CPU/simple-cpu/cpu/cpu.srcs/sources_1/ip/RAM/RAM.xci] -directory D:/csw/Desk/CS202/CPU/simple-cpu/cpu/cpu.ip_user_files/sim_scripts -ip_user_files_dir D:/csw/Desk/CS202/CPU/simple-cpu/cpu/cpu.ip_user_files -ipstatic_source_dir D:/csw/Desk/CS202/CPU/simple-cpu/cpu/cpu.ip_user_files/ipstatic -lib_map_path [list {modelsim=D:/csw/Desk/CS202/CPU/simple-cpu/cpu/cpu.cache/compile_simlib/modelsim} {questa=D:/csw/Desk/CS202/CPU/simple-cpu/cpu/cpu.cache/compile_simlib/questa} {riviera=D:/csw/Desk/CS202/CPU/simple-cpu/cpu/cpu.cache/compile_simlib/riviera} {activehdl=D:/csw/Desk/CS202/CPU/simple-cpu/cpu/cpu.cache/compile_simlib/activehdl}] -use_ip_compiled_libs -force -quiet
update_compile_order -fileset sources_1
launch_simulation
INFO: [Vivado 12-5698] Checking validity of IPs in the design for the 'XSim' simulator...
INFO: [Vivado 12-5682] Launching behavioral simulation in 'D:/csw/Desk/CS202/CPU/simple-cpu/cpu/cpu.sim/sim_1/behav/xsim'
INFO: [Vivado 12-4795] Using compiled simulation libraries for IPs
INFO: [SIM-utils-51] Simulation object is 'sim_1'
INFO: [USF-XSim-7] Finding pre-compiled libraries...
INFO: [USF-XSim-11] File 'D:/csw/Xilinx/Vivado/2017.4/data/xsim/ip/xsim_ip.ini' copied to run dir:'D:/csw/Desk/CS202/CPU/simple-cpu/cpu/cpu.sim/sim_1/behav/xsim'
INFO: [SIM-utils-54] Inspecting design source files for 'sim' in fileset 'sim_1'...
INFO: [SIM-utils-43] Exported 'D:/csw/Desk/CS202/CPU/simple-cpu/cpu/cpu.sim/sim_1/behav/xsim/IMem.mif'
INFO: [SIM-utils-43] Exported 'D:/csw/Desk/CS202/CPU/simple-cpu/cpu/cpu.sim/sim_1/behav/xsim/prgmip32.coe'
INFO: [SIM-utils-43] Exported 'D:/csw/Desk/CS202/CPU/simple-cpu/cpu/cpu.sim/sim_1/behav/xsim/RAM.mif'
INFO: [SIM-utils-43] Exported 'D:/csw/Desk/CS202/CPU/simple-cpu/cpu/cpu.sim/sim_1/behav/xsim/dmem32.coe'
INFO: [USF-XSim-97] Finding global include files...
INFO: [USF-XSim-98] Fetching design files from 'sim_1'...
INFO: [USF-XSim-2] XSim::Compile design
INFO: [USF-XSim-61] Executing 'COMPILE and ANALYZE' step in 'D:/csw/Desk/CS202/CPU/simple-cpu/cpu/cpu.sim/sim_1/behav/xsim'
"xvlog --incr --relax -prj sim_vlog.prj"
INFO: [VRFC 10-2263] Analyzing Verilog file "D:/csw/Desk/CS202/CPU/simple-cpu/cpu/cpu.srcs/sources_1/ip/RAM/sim/RAM.v" into library xil_defaultlib
INFO: [VRFC 10-311] analyzing module RAM
INFO: [VRFC 10-2263] Analyzing Verilog file "D:/csw/Desk/CS202/CPU/simple-cpu/cpu/cpu.srcs/sources_1/ip/IMem/sim/IMem.v" into library xil_defaultlib
INFO: [VRFC 10-311] analyzing module IMem
INFO: [VRFC 10-2263] Analyzing Verilog file "D:/csw/Desk/CS202/CPU/simple-cpu/cpu/cpu.srcs/sources_1/ip/cpuclk/cpuclk_clk_wiz.v" into library xil_defaultlib
INFO: [VRFC 10-311] analyzing module cpuclk_clk_wiz
INFO: [VRFC 10-2263] Analyzing Verilog file "D:/csw/Desk/CS202/CPU/simple-cpu/cpu/cpu.srcs/sources_1/ip/cpuclk/cpuclk.v" into library xil_defaultlib
INFO: [VRFC 10-311] analyzing module cpuclk
INFO: [VRFC 10-2263] Analyzing Verilog file "D:/csw/Desk/CS202/CPU/simple-cpu/cpu/cpu.srcs/sources_1/new/ALU.v" into library xil_defaultlib
INFO: [VRFC 10-311] analyzing module ALU
INFO: [VRFC 10-2263] Analyzing Verilog file "D:/csw/Desk/CS202/CPU/simple-cpu/cpu/cpu.srcs/sources_1/new/Controller.v" into library xil_defaultlib
INFO: [VRFC 10-311] analyzing module Controller
INFO: [VRFC 10-2263] Analyzing Verilog file "D:/csw/Desk/CS202/CPU/simple-cpu/cpu/cpu.srcs/sources_1/new/DMemory.v" into library xil_defaultlib
INFO: [VRFC 10-311] analyzing module DMemory
INFO: [VRFC 10-2263] Analyzing Verilog file "D:/csw/Desk/CS202/CPU/simple-cpu/cpu/cpu.srcs/sources_1/new/HWAssistant.v" into library xil_defaultlib
INFO: [VRFC 10-311] analyzing module HWAssistant
INFO: [VRFC 10-2263] Analyzing Verilog file "D:/csw/Desk/CS202/CPU/simple-cpu/cpu/cpu.srcs/sources_1/new/IDecoder.v" into library xil_defaultlib
INFO: [VRFC 10-311] analyzing module IDecoder
INFO: [VRFC 10-2263] Analyzing Verilog file "D:/csw/Desk/CS202/CPU/simple-cpu/cpu/cpu.srcs/sources_1/new/IFetch.v" into library xil_defaultlib
INFO: [VRFC 10-311] analyzing module IFetch
INFO: [VRFC 10-2263] Analyzing Verilog file "D:/csw/Desk/CS202/CPU/simple-cpu/cpu/cpu.srcs/sources_1/new/PC.v" into library xil_defaultlib
INFO: [VRFC 10-311] analyzing module PC
INFO: [VRFC 10-2263] Analyzing Verilog file "D:/csw/Desk/CS202/CPU/simple-cpu/cpu/cpu.srcs/sources_1/new/Sign_Extend.v" into library xil_defaultlib
INFO: [VRFC 10-311] analyzing module Sign_Extend
INFO: [VRFC 10-2263] Analyzing Verilog file "D:/csw/Desk/CS202/CPU/simple-cpu/cpu/cpu.srcs/sources_1/new/Top.v" into library xil_defaultlib
INFO: [VRFC 10-311] analyzing module Top
INFO: [VRFC 10-2263] Analyzing Verilog file "D:/csw/Desk/CS202/CPU/simple-cpu/cpu/cpu.srcs/sources_1/new/light_7seg_ego1.v" into library xil_defaultlib
INFO: [VRFC 10-311] analyzing module light_7seg_ego1
INFO: [VRFC 10-2263] Analyzing Verilog file "D:/csw/Desk/CS202/CPU/simple-cpu/cpu/cpu.srcs/sources_1/new/refresh_seg_led.v" into library xil_defaultlib
INFO: [VRFC 10-311] analyzing module refresh_seg_led
INFO: [VRFC 10-2263] Analyzing Verilog file "D:/csw/Desk/CS202/CPU/simple-cpu/cpu/cpu.srcs/sim_1/new/sim.v" into library xil_defaultlib
INFO: [VRFC 10-311] analyzing module sim
INFO: [VRFC 10-2263] Analyzing Verilog file "D:/csw/Desk/CS202/CPU/simple-cpu/cpu/cpu.sim/sim_1/behav/xsim/glbl.v" into library xil_defaultlib
INFO: [VRFC 10-311] analyzing module glbl
INFO: [USF-XSim-69] 'compile' step finished in '1' seconds
INFO: [USF-XSim-3] XSim::Elaborate design
INFO: [USF-XSim-61] Executing 'ELABORATE' step in 'D:/csw/Desk/CS202/CPU/simple-cpu/cpu/cpu.sim/sim_1/behav/xsim'
Vivado Simulator 2017.4
Copyright 1986-1999, 2001-2016 Xilinx, Inc. All Rights Reserved.
Running: D:/csw/Xilinx/Vivado/2017.4/bin/unwrapped/win64.o/xelab.exe -wto da155866ffcc4466bc82b15d191e25bc --incr --debug typical --relax --mt 2 -L blk_mem_gen_v8_4_1 -L xil_defaultlib -L unisims_ver -L unimacro_ver -L secureip -L xpm --snapshot sim_behav xil_defaultlib.sim xil_defaultlib.glbl -log elaborate.log 
Using 2 slave threads.
Starting static elaboration
WARNING: [VRFC 10-278] actual bit length 7 differs from formal bit length 5 for port number [D:/csw/Desk/CS202/CPU/simple-cpu/cpu/cpu.srcs/sources_1/new/refresh_seg_led.v:128]
ERROR: [VRFC 10-529] concurrent assignment to a non-net seg_en is not permitted [D:/csw/Desk/CS202/CPU/simple-cpu/cpu/cpu.srcs/sources_1/new/HWAssistant.v:44]
ERROR: [VRFC 10-529] concurrent assignment to a non-net seg_out0 is not permitted [D:/csw/Desk/CS202/CPU/simple-cpu/cpu/cpu.srcs/sources_1/new/HWAssistant.v:45]
ERROR: [VRFC 10-529] concurrent assignment to a non-net seg_out1 is not permitted [D:/csw/Desk/CS202/CPU/simple-cpu/cpu/cpu.srcs/sources_1/new/HWAssistant.v:46]
WARNING: [VRFC 10-278] actual bit length 7 differs from formal bit length 5 for port number [D:/csw/Desk/CS202/CPU/simple-cpu/cpu/cpu.srcs/sources_1/new/refresh_seg_led.v:129]
WARNING: [VRFC 10-1783] select index 62 into current_contents is out of bounds [/wrk/2017.4/nightly/2017_12_15_2086221/packages/customer/vivado/data/ip/xilinx/blk_mem_gen_v8_4/simulation/blk_mem_gen_v8_4.v:2420]
ERROR: [XSIM 43-3322] Static elaboration of top level Verilog design unit(s) in library work failed.
INFO: [USF-XSim-69] 'elaborate' step finished in '1' seconds
INFO: [USF-XSim-99] Step results log file:'D:/csw/Desk/CS202/CPU/simple-cpu/cpu/cpu.sim/sim_1/behav/xsim/elaborate.log'
ERROR: [USF-XSim-62] 'elaborate' step failed with error(s). Please check the Tcl console output or 'D:/csw/Desk/CS202/CPU/simple-cpu/cpu/cpu.sim/sim_1/behav/xsim/elaborate.log' file for more information.
ERROR: [Vivado 12-4473] Detected error while running simulation. Please correct the issue and retry this operation.
ERROR: [Common 17-39] 'launch_simulation' failed due to earlier errors.
launch_simulation
INFO: [Vivado 12-5698] Checking validity of IPs in the design for the 'XSim' simulator...
INFO: [Vivado 12-5682] Launching behavioral simulation in 'D:/csw/Desk/CS202/CPU/simple-cpu/cpu/cpu.sim/sim_1/behav/xsim'
INFO: [Vivado 12-4795] Using compiled simulation libraries for IPs
INFO: [SIM-utils-51] Simulation object is 'sim_1'
INFO: [USF-XSim-7] Finding pre-compiled libraries...
INFO: [USF-XSim-11] File 'D:/csw/Xilinx/Vivado/2017.4/data/xsim/ip/xsim_ip.ini' copied to run dir:'D:/csw/Desk/CS202/CPU/simple-cpu/cpu/cpu.sim/sim_1/behav/xsim'
INFO: [SIM-utils-54] Inspecting design source files for 'sim' in fileset 'sim_1'...
INFO: [SIM-utils-43] Exported 'D:/csw/Desk/CS202/CPU/simple-cpu/cpu/cpu.sim/sim_1/behav/xsim/IMem.mif'
INFO: [SIM-utils-43] Exported 'D:/csw/Desk/CS202/CPU/simple-cpu/cpu/cpu.sim/sim_1/behav/xsim/prgmip32.coe'
INFO: [SIM-utils-43] Exported 'D:/csw/Desk/CS202/CPU/simple-cpu/cpu/cpu.sim/sim_1/behav/xsim/RAM.mif'
INFO: [SIM-utils-43] Exported 'D:/csw/Desk/CS202/CPU/simple-cpu/cpu/cpu.sim/sim_1/behav/xsim/dmem32.coe'
INFO: [USF-XSim-97] Finding global include files...
INFO: [USF-XSim-98] Fetching design files from 'sim_1'...
INFO: [USF-XSim-2] XSim::Compile design
INFO: [USF-XSim-61] Executing 'COMPILE and ANALYZE' step in 'D:/csw/Desk/CS202/CPU/simple-cpu/cpu/cpu.sim/sim_1/behav/xsim'
"xvlog --incr --relax -prj sim_vlog.prj"
INFO: [VRFC 10-2263] Analyzing Verilog file "D:/csw/Desk/CS202/CPU/simple-cpu/cpu/cpu.srcs/sources_1/ip/RAM/sim/RAM.v" into library xil_defaultlib
INFO: [VRFC 10-311] analyzing module RAM
INFO: [VRFC 10-2263] Analyzing Verilog file "D:/csw/Desk/CS202/CPU/simple-cpu/cpu/cpu.srcs/sources_1/ip/IMem/sim/IMem.v" into library xil_defaultlib
INFO: [VRFC 10-311] analyzing module IMem
INFO: [VRFC 10-2263] Analyzing Verilog file "D:/csw/Desk/CS202/CPU/simple-cpu/cpu/cpu.srcs/sources_1/ip/cpuclk/cpuclk_clk_wiz.v" into library xil_defaultlib
INFO: [VRFC 10-311] analyzing module cpuclk_clk_wiz
INFO: [VRFC 10-2263] Analyzing Verilog file "D:/csw/Desk/CS202/CPU/simple-cpu/cpu/cpu.srcs/sources_1/ip/cpuclk/cpuclk.v" into library xil_defaultlib
INFO: [VRFC 10-311] analyzing module cpuclk
INFO: [VRFC 10-2263] Analyzing Verilog file "D:/csw/Desk/CS202/CPU/simple-cpu/cpu/cpu.srcs/sources_1/new/ALU.v" into library xil_defaultlib
INFO: [VRFC 10-311] analyzing module ALU
INFO: [VRFC 10-2263] Analyzing Verilog file "D:/csw/Desk/CS202/CPU/simple-cpu/cpu/cpu.srcs/sources_1/new/Controller.v" into library xil_defaultlib
INFO: [VRFC 10-311] analyzing module Controller
INFO: [VRFC 10-2263] Analyzing Verilog file "D:/csw/Desk/CS202/CPU/simple-cpu/cpu/cpu.srcs/sources_1/new/DMemory.v" into library xil_defaultlib
INFO: [VRFC 10-311] analyzing module DMemory
INFO: [VRFC 10-2263] Analyzing Verilog file "D:/csw/Desk/CS202/CPU/simple-cpu/cpu/cpu.srcs/sources_1/new/HWAssistant.v" into library xil_defaultlib
INFO: [VRFC 10-311] analyzing module HWAssistant
INFO: [VRFC 10-2263] Analyzing Verilog file "D:/csw/Desk/CS202/CPU/simple-cpu/cpu/cpu.srcs/sources_1/new/IDecoder.v" into library xil_defaultlib
INFO: [VRFC 10-311] analyzing module IDecoder
INFO: [VRFC 10-2263] Analyzing Verilog file "D:/csw/Desk/CS202/CPU/simple-cpu/cpu/cpu.srcs/sources_1/new/IFetch.v" into library xil_defaultlib
INFO: [VRFC 10-311] analyzing module IFetch
INFO: [VRFC 10-2263] Analyzing Verilog file "D:/csw/Desk/CS202/CPU/simple-cpu/cpu/cpu.srcs/sources_1/new/PC.v" into library xil_defaultlib
INFO: [VRFC 10-311] analyzing module PC
INFO: [VRFC 10-2263] Analyzing Verilog file "D:/csw/Desk/CS202/CPU/simple-cpu/cpu/cpu.srcs/sources_1/new/Sign_Extend.v" into library xil_defaultlib
INFO: [VRFC 10-311] analyzing module Sign_Extend
INFO: [VRFC 10-2263] Analyzing Verilog file "D:/csw/Desk/CS202/CPU/simple-cpu/cpu/cpu.srcs/sources_1/new/Top.v" into library xil_defaultlib
INFO: [VRFC 10-311] analyzing module Top
INFO: [VRFC 10-2263] Analyzing Verilog file "D:/csw/Desk/CS202/CPU/simple-cpu/cpu/cpu.srcs/sources_1/new/light_7seg_ego1.v" into library xil_defaultlib
INFO: [VRFC 10-311] analyzing module light_7seg_ego1
INFO: [VRFC 10-2263] Analyzing Verilog file "D:/csw/Desk/CS202/CPU/simple-cpu/cpu/cpu.srcs/sources_1/new/refresh_seg_led.v" into library xil_defaultlib
INFO: [VRFC 10-311] analyzing module refresh_seg_led
INFO: [VRFC 10-2263] Analyzing Verilog file "D:/csw/Desk/CS202/CPU/simple-cpu/cpu/cpu.srcs/sim_1/new/sim.v" into library xil_defaultlib
INFO: [VRFC 10-311] analyzing module sim
INFO: [USF-XSim-69] 'compile' step finished in '1' seconds
INFO: [USF-XSim-3] XSim::Elaborate design
INFO: [USF-XSim-61] Executing 'ELABORATE' step in 'D:/csw/Desk/CS202/CPU/simple-cpu/cpu/cpu.sim/sim_1/behav/xsim'
Vivado Simulator 2017.4
Copyright 1986-1999, 2001-2016 Xilinx, Inc. All Rights Reserved.
Running: D:/csw/Xilinx/Vivado/2017.4/bin/unwrapped/win64.o/xelab.exe -wto da155866ffcc4466bc82b15d191e25bc --incr --debug typical --relax --mt 2 -L blk_mem_gen_v8_4_1 -L xil_defaultlib -L unisims_ver -L unimacro_ver -L secureip -L xpm --snapshot sim_behav xil_defaultlib.sim xil_defaultlib.glbl -log elaborate.log 
Using 2 slave threads.
Starting static elaboration
WARNING: [VRFC 10-278] actual bit length 4 differs from formal bit length 5 for port number [D:/csw/Desk/CS202/CPU/simple-cpu/cpu/cpu.srcs/sources_1/new/refresh_seg_led.v:128]
ERROR: [VRFC 10-529] concurrent assignment to a non-net seg_en is not permitted [D:/csw/Desk/CS202/CPU/simple-cpu/cpu/cpu.srcs/sources_1/new/HWAssistant.v:44]
ERROR: [VRFC 10-529] concurrent assignment to a non-net seg_out0 is not permitted [D:/csw/Desk/CS202/CPU/simple-cpu/cpu/cpu.srcs/sources_1/new/HWAssistant.v:45]
ERROR: [VRFC 10-529] concurrent assignment to a non-net seg_out1 is not permitted [D:/csw/Desk/CS202/CPU/simple-cpu/cpu/cpu.srcs/sources_1/new/HWAssistant.v:46]
WARNING: [VRFC 10-278] actual bit length 4 differs from formal bit length 5 for port number [D:/csw/Desk/CS202/CPU/simple-cpu/cpu/cpu.srcs/sources_1/new/refresh_seg_led.v:129]
WARNING: [VRFC 10-1783] select index 62 into current_contents is out of bounds [/wrk/2017.4/nightly/2017_12_15_2086221/packages/customer/vivado/data/ip/xilinx/blk_mem_gen_v8_4/simulation/blk_mem_gen_v8_4.v:2420]
ERROR: [XSIM 43-3322] Static elaboration of top level Verilog design unit(s) in library work failed.
INFO: [USF-XSim-69] 'elaborate' step finished in '2' seconds
INFO: [USF-XSim-99] Step results log file:'D:/csw/Desk/CS202/CPU/simple-cpu/cpu/cpu.sim/sim_1/behav/xsim/elaborate.log'
ERROR: [USF-XSim-62] 'elaborate' step failed with error(s). Please check the Tcl console output or 'D:/csw/Desk/CS202/CPU/simple-cpu/cpu/cpu.sim/sim_1/behav/xsim/elaborate.log' file for more information.
ERROR: [Vivado 12-4473] Detected error while running simulation. Please correct the issue and retry this operation.
ERROR: [Common 17-39] 'launch_simulation' failed due to earlier errors.
launch_simulation
INFO: [Vivado 12-5698] Checking validity of IPs in the design for the 'XSim' simulator...
INFO: [Vivado 12-5682] Launching behavioral simulation in 'D:/csw/Desk/CS202/CPU/simple-cpu/cpu/cpu.sim/sim_1/behav/xsim'
INFO: [Vivado 12-4795] Using compiled simulation libraries for IPs
INFO: [SIM-utils-51] Simulation object is 'sim_1'
INFO: [USF-XSim-7] Finding pre-compiled libraries...
INFO: [USF-XSim-11] File 'D:/csw/Xilinx/Vivado/2017.4/data/xsim/ip/xsim_ip.ini' copied to run dir:'D:/csw/Desk/CS202/CPU/simple-cpu/cpu/cpu.sim/sim_1/behav/xsim'
INFO: [SIM-utils-54] Inspecting design source files for 'sim' in fileset 'sim_1'...
INFO: [SIM-utils-43] Exported 'D:/csw/Desk/CS202/CPU/simple-cpu/cpu/cpu.sim/sim_1/behav/xsim/IMem.mif'
INFO: [SIM-utils-43] Exported 'D:/csw/Desk/CS202/CPU/simple-cpu/cpu/cpu.sim/sim_1/behav/xsim/prgmip32.coe'
INFO: [SIM-utils-43] Exported 'D:/csw/Desk/CS202/CPU/simple-cpu/cpu/cpu.sim/sim_1/behav/xsim/RAM.mif'
INFO: [SIM-utils-43] Exported 'D:/csw/Desk/CS202/CPU/simple-cpu/cpu/cpu.sim/sim_1/behav/xsim/dmem32.coe'
INFO: [USF-XSim-97] Finding global include files...
INFO: [USF-XSim-98] Fetching design files from 'sim_1'...
INFO: [USF-XSim-2] XSim::Compile design
INFO: [USF-XSim-61] Executing 'COMPILE and ANALYZE' step in 'D:/csw/Desk/CS202/CPU/simple-cpu/cpu/cpu.sim/sim_1/behav/xsim'
"xvlog --incr --relax -prj sim_vlog.prj"
INFO: [VRFC 10-2263] Analyzing Verilog file "D:/csw/Desk/CS202/CPU/simple-cpu/cpu/cpu.srcs/sources_1/ip/RAM/sim/RAM.v" into library xil_defaultlib
INFO: [VRFC 10-311] analyzing module RAM
INFO: [VRFC 10-2263] Analyzing Verilog file "D:/csw/Desk/CS202/CPU/simple-cpu/cpu/cpu.srcs/sources_1/ip/IMem/sim/IMem.v" into library xil_defaultlib
INFO: [VRFC 10-311] analyzing module IMem
INFO: [VRFC 10-2263] Analyzing Verilog file "D:/csw/Desk/CS202/CPU/simple-cpu/cpu/cpu.srcs/sources_1/ip/cpuclk/cpuclk_clk_wiz.v" into library xil_defaultlib
INFO: [VRFC 10-311] analyzing module cpuclk_clk_wiz
INFO: [VRFC 10-2263] Analyzing Verilog file "D:/csw/Desk/CS202/CPU/simple-cpu/cpu/cpu.srcs/sources_1/ip/cpuclk/cpuclk.v" into library xil_defaultlib
INFO: [VRFC 10-311] analyzing module cpuclk
INFO: [VRFC 10-2263] Analyzing Verilog file "D:/csw/Desk/CS202/CPU/simple-cpu/cpu/cpu.srcs/sources_1/new/ALU.v" into library xil_defaultlib
INFO: [VRFC 10-311] analyzing module ALU
INFO: [VRFC 10-2263] Analyzing Verilog file "D:/csw/Desk/CS202/CPU/simple-cpu/cpu/cpu.srcs/sources_1/new/Controller.v" into library xil_defaultlib
INFO: [VRFC 10-311] analyzing module Controller
INFO: [VRFC 10-2263] Analyzing Verilog file "D:/csw/Desk/CS202/CPU/simple-cpu/cpu/cpu.srcs/sources_1/new/DMemory.v" into library xil_defaultlib
INFO: [VRFC 10-311] analyzing module DMemory
INFO: [VRFC 10-2263] Analyzing Verilog file "D:/csw/Desk/CS202/CPU/simple-cpu/cpu/cpu.srcs/sources_1/new/HWAssistant.v" into library xil_defaultlib
INFO: [VRFC 10-311] analyzing module HWAssistant
INFO: [VRFC 10-2263] Analyzing Verilog file "D:/csw/Desk/CS202/CPU/simple-cpu/cpu/cpu.srcs/sources_1/new/IDecoder.v" into library xil_defaultlib
INFO: [VRFC 10-311] analyzing module IDecoder
INFO: [VRFC 10-2263] Analyzing Verilog file "D:/csw/Desk/CS202/CPU/simple-cpu/cpu/cpu.srcs/sources_1/new/IFetch.v" into library xil_defaultlib
INFO: [VRFC 10-311] analyzing module IFetch
INFO: [VRFC 10-2263] Analyzing Verilog file "D:/csw/Desk/CS202/CPU/simple-cpu/cpu/cpu.srcs/sources_1/new/PC.v" into library xil_defaultlib
INFO: [VRFC 10-311] analyzing module PC
INFO: [VRFC 10-2263] Analyzing Verilog file "D:/csw/Desk/CS202/CPU/simple-cpu/cpu/cpu.srcs/sources_1/new/Sign_Extend.v" into library xil_defaultlib
INFO: [VRFC 10-311] analyzing module Sign_Extend
INFO: [VRFC 10-2263] Analyzing Verilog file "D:/csw/Desk/CS202/CPU/simple-cpu/cpu/cpu.srcs/sources_1/new/Top.v" into library xil_defaultlib
INFO: [VRFC 10-311] analyzing module Top
INFO: [VRFC 10-2263] Analyzing Verilog file "D:/csw/Desk/CS202/CPU/simple-cpu/cpu/cpu.srcs/sources_1/new/light_7seg_ego1.v" into library xil_defaultlib
INFO: [VRFC 10-311] analyzing module light_7seg_ego1
INFO: [VRFC 10-2263] Analyzing Verilog file "D:/csw/Desk/CS202/CPU/simple-cpu/cpu/cpu.srcs/sources_1/new/refresh_seg_led.v" into library xil_defaultlib
INFO: [VRFC 10-311] analyzing module refresh_seg_led
INFO: [VRFC 10-2263] Analyzing Verilog file "D:/csw/Desk/CS202/CPU/simple-cpu/cpu/cpu.srcs/sim_1/new/sim.v" into library xil_defaultlib
INFO: [VRFC 10-311] analyzing module sim
INFO: [USF-XSim-69] 'compile' step finished in '1' seconds
INFO: [USF-XSim-3] XSim::Elaborate design
INFO: [USF-XSim-61] Executing 'ELABORATE' step in 'D:/csw/Desk/CS202/CPU/simple-cpu/cpu/cpu.sim/sim_1/behav/xsim'
Vivado Simulator 2017.4
Copyright 1986-1999, 2001-2016 Xilinx, Inc. All Rights Reserved.
Running: D:/csw/Xilinx/Vivado/2017.4/bin/unwrapped/win64.o/xelab.exe -wto da155866ffcc4466bc82b15d191e25bc --incr --debug typical --relax --mt 2 -L blk_mem_gen_v8_4_1 -L xil_defaultlib -L unisims_ver -L unimacro_ver -L secureip -L xpm --snapshot sim_behav xil_defaultlib.sim xil_defaultlib.glbl -log elaborate.log 
Using 2 slave threads.
Starting static elaboration
ERROR: [VRFC 10-529] concurrent assignment to a non-net seg_en is not permitted [D:/csw/Desk/CS202/CPU/simple-cpu/cpu/cpu.srcs/sources_1/new/HWAssistant.v:44]
ERROR: [VRFC 10-529] concurrent assignment to a non-net seg_out0 is not permitted [D:/csw/Desk/CS202/CPU/simple-cpu/cpu/cpu.srcs/sources_1/new/HWAssistant.v:45]
ERROR: [VRFC 10-529] concurrent assignment to a non-net seg_out1 is not permitted [D:/csw/Desk/CS202/CPU/simple-cpu/cpu/cpu.srcs/sources_1/new/HWAssistant.v:46]
WARNING: [VRFC 10-1783] select index 62 into current_contents is out of bounds [/wrk/2017.4/nightly/2017_12_15_2086221/packages/customer/vivado/data/ip/xilinx/blk_mem_gen_v8_4/simulation/blk_mem_gen_v8_4.v:2420]
ERROR: [XSIM 43-3322] Static elaboration of top level Verilog design unit(s) in library work failed.
INFO: [USF-XSim-69] 'elaborate' step finished in '1' seconds
INFO: [USF-XSim-99] Step results log file:'D:/csw/Desk/CS202/CPU/simple-cpu/cpu/cpu.sim/sim_1/behav/xsim/elaborate.log'
ERROR: [USF-XSim-62] 'elaborate' step failed with error(s). Please check the Tcl console output or 'D:/csw/Desk/CS202/CPU/simple-cpu/cpu/cpu.sim/sim_1/behav/xsim/elaborate.log' file for more information.
ERROR: [Vivado 12-4473] Detected error while running simulation. Please correct the issue and retry this operation.
ERROR: [Common 17-39] 'launch_simulation' failed due to earlier errors.
launch_simulation
INFO: [Vivado 12-5698] Checking validity of IPs in the design for the 'XSim' simulator...
INFO: [Vivado 12-5682] Launching behavioral simulation in 'D:/csw/Desk/CS202/CPU/simple-cpu/cpu/cpu.sim/sim_1/behav/xsim'
INFO: [Vivado 12-4795] Using compiled simulation libraries for IPs
INFO: [SIM-utils-51] Simulation object is 'sim_1'
INFO: [USF-XSim-7] Finding pre-compiled libraries...
INFO: [USF-XSim-11] File 'D:/csw/Xilinx/Vivado/2017.4/data/xsim/ip/xsim_ip.ini' copied to run dir:'D:/csw/Desk/CS202/CPU/simple-cpu/cpu/cpu.sim/sim_1/behav/xsim'
INFO: [SIM-utils-54] Inspecting design source files for 'sim' in fileset 'sim_1'...
INFO: [SIM-utils-43] Exported 'D:/csw/Desk/CS202/CPU/simple-cpu/cpu/cpu.sim/sim_1/behav/xsim/IMem.mif'
INFO: [SIM-utils-43] Exported 'D:/csw/Desk/CS202/CPU/simple-cpu/cpu/cpu.sim/sim_1/behav/xsim/prgmip32.coe'
INFO: [SIM-utils-43] Exported 'D:/csw/Desk/CS202/CPU/simple-cpu/cpu/cpu.sim/sim_1/behav/xsim/RAM.mif'
INFO: [SIM-utils-43] Exported 'D:/csw/Desk/CS202/CPU/simple-cpu/cpu/cpu.sim/sim_1/behav/xsim/dmem32.coe'
INFO: [USF-XSim-97] Finding global include files...
INFO: [USF-XSim-98] Fetching design files from 'sim_1'...
INFO: [USF-XSim-2] XSim::Compile design
INFO: [USF-XSim-61] Executing 'COMPILE and ANALYZE' step in 'D:/csw/Desk/CS202/CPU/simple-cpu/cpu/cpu.sim/sim_1/behav/xsim'
"xvlog --incr --relax -prj sim_vlog.prj"
INFO: [VRFC 10-2263] Analyzing Verilog file "D:/csw/Desk/CS202/CPU/simple-cpu/cpu/cpu.srcs/sources_1/ip/RAM/sim/RAM.v" into library xil_defaultlib
INFO: [VRFC 10-311] analyzing module RAM
INFO: [VRFC 10-2263] Analyzing Verilog file "D:/csw/Desk/CS202/CPU/simple-cpu/cpu/cpu.srcs/sources_1/ip/IMem/sim/IMem.v" into library xil_defaultlib
INFO: [VRFC 10-311] analyzing module IMem
INFO: [VRFC 10-2263] Analyzing Verilog file "D:/csw/Desk/CS202/CPU/simple-cpu/cpu/cpu.srcs/sources_1/ip/cpuclk/cpuclk_clk_wiz.v" into library xil_defaultlib
INFO: [VRFC 10-311] analyzing module cpuclk_clk_wiz
INFO: [VRFC 10-2263] Analyzing Verilog file "D:/csw/Desk/CS202/CPU/simple-cpu/cpu/cpu.srcs/sources_1/ip/cpuclk/cpuclk.v" into library xil_defaultlib
INFO: [VRFC 10-311] analyzing module cpuclk
INFO: [VRFC 10-2263] Analyzing Verilog file "D:/csw/Desk/CS202/CPU/simple-cpu/cpu/cpu.srcs/sources_1/new/ALU.v" into library xil_defaultlib
INFO: [VRFC 10-311] analyzing module ALU
INFO: [VRFC 10-2263] Analyzing Verilog file "D:/csw/Desk/CS202/CPU/simple-cpu/cpu/cpu.srcs/sources_1/new/Controller.v" into library xil_defaultlib
INFO: [VRFC 10-311] analyzing module Controller
INFO: [VRFC 10-2263] Analyzing Verilog file "D:/csw/Desk/CS202/CPU/simple-cpu/cpu/cpu.srcs/sources_1/new/DMemory.v" into library xil_defaultlib
INFO: [VRFC 10-311] analyzing module DMemory
INFO: [VRFC 10-2263] Analyzing Verilog file "D:/csw/Desk/CS202/CPU/simple-cpu/cpu/cpu.srcs/sources_1/new/HWAssistant.v" into library xil_defaultlib
INFO: [VRFC 10-311] analyzing module HWAssistant
INFO: [VRFC 10-2263] Analyzing Verilog file "D:/csw/Desk/CS202/CPU/simple-cpu/cpu/cpu.srcs/sources_1/new/IDecoder.v" into library xil_defaultlib
INFO: [VRFC 10-311] analyzing module IDecoder
INFO: [VRFC 10-2263] Analyzing Verilog file "D:/csw/Desk/CS202/CPU/simple-cpu/cpu/cpu.srcs/sources_1/new/IFetch.v" into library xil_defaultlib
INFO: [VRFC 10-311] analyzing module IFetch
INFO: [VRFC 10-2263] Analyzing Verilog file "D:/csw/Desk/CS202/CPU/simple-cpu/cpu/cpu.srcs/sources_1/new/PC.v" into library xil_defaultlib
INFO: [VRFC 10-311] analyzing module PC
INFO: [VRFC 10-2263] Analyzing Verilog file "D:/csw/Desk/CS202/CPU/simple-cpu/cpu/cpu.srcs/sources_1/new/Sign_Extend.v" into library xil_defaultlib
INFO: [VRFC 10-311] analyzing module Sign_Extend
INFO: [VRFC 10-2263] Analyzing Verilog file "D:/csw/Desk/CS202/CPU/simple-cpu/cpu/cpu.srcs/sources_1/new/Top.v" into library xil_defaultlib
INFO: [VRFC 10-311] analyzing module Top
INFO: [VRFC 10-2263] Analyzing Verilog file "D:/csw/Desk/CS202/CPU/simple-cpu/cpu/cpu.srcs/sources_1/new/light_7seg_ego1.v" into library xil_defaultlib
INFO: [VRFC 10-311] analyzing module light_7seg_ego1
INFO: [VRFC 10-2263] Analyzing Verilog file "D:/csw/Desk/CS202/CPU/simple-cpu/cpu/cpu.srcs/sources_1/new/refresh_seg_led.v" into library xil_defaultlib
INFO: [VRFC 10-311] analyzing module refresh_seg_led
INFO: [VRFC 10-2263] Analyzing Verilog file "D:/csw/Desk/CS202/CPU/simple-cpu/cpu/cpu.srcs/sim_1/new/sim.v" into library xil_defaultlib
INFO: [VRFC 10-311] analyzing module sim
INFO: [USF-XSim-69] 'compile' step finished in '1' seconds
INFO: [USF-XSim-3] XSim::Elaborate design
INFO: [USF-XSim-61] Executing 'ELABORATE' step in 'D:/csw/Desk/CS202/CPU/simple-cpu/cpu/cpu.sim/sim_1/behav/xsim'
Vivado Simulator 2017.4
Copyright 1986-1999, 2001-2016 Xilinx, Inc. All Rights Reserved.
Running: D:/csw/Xilinx/Vivado/2017.4/bin/unwrapped/win64.o/xelab.exe -wto da155866ffcc4466bc82b15d191e25bc --incr --debug typical --relax --mt 2 -L blk_mem_gen_v8_4_1 -L xil_defaultlib -L unisims_ver -L unimacro_ver -L secureip -L xpm --snapshot sim_behav xil_defaultlib.sim xil_defaultlib.glbl -log elaborate.log 
Using 2 slave threads.
Starting static elaboration
WARNING: [VRFC 10-1783] select index 62 into current_contents is out of bounds [/wrk/2017.4/nightly/2017_12_15_2086221/packages/customer/vivado/data/ip/xilinx/blk_mem_gen_v8_4/simulation/blk_mem_gen_v8_4.v:2420]
Completed static elaboration
Starting simulation data flow analysis
Completed simulation data flow analysis
Time Resolution for simulation is 1ps
Compiling module xil_defaultlib.light_7seg_ego1
Compiling module xil_defaultlib.refresh_seg_led
Compiling module xil_defaultlib.HWAssistant
Compiling module unisims_ver.IBUF
Compiling module unisims_ver.PLLE2_ADV(CLKFBOUT_MULT=46,CLKIN...
Compiling module unisims_ver.BUFG
Compiling module xil_defaultlib.cpuclk_clk_wiz
Compiling module xil_defaultlib.cpuclk
Compiling module xil_defaultlib.PC
Compiling module blk_mem_gen_v8_4_1.blk_mem_gen_v8_4_1_output_stage(...
Compiling module blk_mem_gen_v8_4_1.blk_mem_gen_v8_4_1_softecc_outpu...
Compiling module blk_mem_gen_v8_4_1.blk_mem_gen_v8_4_1_mem_module(C_...
Compiling module blk_mem_gen_v8_4_1.blk_mem_gen_v8_4_1(C_FAMILY="art...
Compiling module xil_defaultlib.IMem
Compiling module xil_defaultlib.IFetch
Compiling module xil_defaultlib.Controller
Compiling module xil_defaultlib.IDecoder
Compiling module xil_defaultlib.ALU
Compiling module blk_mem_gen_v8_4_1.blk_mem_gen_v8_4_1_mem_module(C_...
Compiling module blk_mem_gen_v8_4_1.blk_mem_gen_v8_4_1(C_FAMILY="art...
Compiling module xil_defaultlib.RAM
Compiling module xil_defaultlib.DMemory
Compiling module xil_defaultlib.Sign_Extend
Compiling module xil_defaultlib.Top
Compiling module xil_defaultlib.sim
Compiling module xil_defaultlib.glbl
Built simulation snapshot sim_behav

****** Webtalk v2017.4 (64-bit)
  **** SW Build 2086221 on Fri Dec 15 20:55:39 MST 2017
  **** IP Build 2085800 on Fri Dec 15 22:25:07 MST 2017
    ** Copyright 1986-2017 Xilinx, Inc. All Rights Reserved.

source D:/csw/Desk/CS202/CPU/simple-cpu/cpu/cpu.sim/sim_1/behav/xsim/xsim.dir/sim_behav/webtalk/xsim_webtalk.tcl -notrace
INFO: [Common 17-206] Exiting Webtalk at Tue May 16 22:20:50 2023...
run_program: Time (s): cpu = 00:00:00 ; elapsed = 00:00:05 . Memory (MB): peak = 1130.707 ; gain = 0.000
INFO: [USF-XSim-69] 'elaborate' step finished in '5' seconds
INFO: [USF-XSim-4] XSim::Simulate design
INFO: [USF-XSim-61] Executing 'SIMULATE' step in 'D:/csw/Desk/CS202/CPU/simple-cpu/cpu/cpu.sim/sim_1/behav/xsim'
INFO: [USF-XSim-98] *** Running xsim
   with args "sim_behav -key {Behavioral:sim_1:Functional:sim} -tclbatch {sim.tcl} -log {simulate.log}"
INFO: [USF-XSim-8] Loading simulator feature
Vivado Simulator 2017.4
Time resolution is 1 ps
source sim.tcl
# set curr_wave [current_wave_config]
# if { [string length $curr_wave] == 0 } {
#   if { [llength [get_objects]] > 0} {
#     add_wave /
#     set_property needs_save false [current_wave_config]
#   } else {
#      send_msg_id Add_Wave-1 WARNING "No top level signals found. Simulator will start without a wave window. If you want to open a wave window go to 'File->New Waveform Configuration' or type 'create_wave_config' in the TCL console."
#   }
# }
# run 100us
 Block Memory Generator module loading initial data...
 Block Memory Generator data initialization complete.
Block Memory Generator module sim.top.ifetch.ram.inst.native_mem_module.blk_mem_gen_v8_4_1_inst is using a behavioral model for simulation which will not precisely model memory collision behavior.
 Block Memory Generator module loading initial data...
 Block Memory Generator data initialization complete.
Block Memory Generator module sim.top.dmemory.ram.inst.native_mem_module.blk_mem_gen_v8_4_1_inst is using a behavioral model for simulation which will not precisely model memory collision behavior.
INFO: [USF-XSim-96] XSim completed. Design snapshot 'sim_behav' loaded.
INFO: [USF-XSim-97] XSim simulation ran for 100us
launch_simulation: Time (s): cpu = 00:00:04 ; elapsed = 00:00:11 . Memory (MB): peak = 1142.363 ; gain = 11.656
update_compile_order -fileset sources_1
update_compile_order -fileset sources_1
update_compile_order -fileset sources_1
update_compile_order -fileset sources_1
update_compile_order -fileset sim_1
update_compile_order -fileset sim_1
close_sim
INFO: [Simtcl 6-16] Simulation closed
launch_simulation
INFO: [Vivado 12-5698] Checking validity of IPs in the design for the 'XSim' simulator...
INFO: [Vivado 12-5682] Launching behavioral simulation in 'D:/csw/Desk/CS202/CPU/simple-cpu/cpu/cpu.sim/sim_1/behav/xsim'
INFO: [Vivado 12-4795] Using compiled simulation libraries for IPs
INFO: [SIM-utils-51] Simulation object is 'sim_1'
INFO: [USF-XSim-7] Finding pre-compiled libraries...
INFO: [USF-XSim-11] File 'D:/csw/Xilinx/Vivado/2017.4/data/xsim/ip/xsim_ip.ini' copied to run dir:'D:/csw/Desk/CS202/CPU/simple-cpu/cpu/cpu.sim/sim_1/behav/xsim'
INFO: [SIM-utils-54] Inspecting design source files for 'sim' in fileset 'sim_1'...
INFO: [SIM-utils-43] Exported 'D:/csw/Desk/CS202/CPU/simple-cpu/cpu/cpu.sim/sim_1/behav/xsim/IMem.mif'
INFO: [SIM-utils-43] Exported 'D:/csw/Desk/CS202/CPU/simple-cpu/cpu/cpu.sim/sim_1/behav/xsim/prgmip32.coe'
INFO: [SIM-utils-43] Exported 'D:/csw/Desk/CS202/CPU/simple-cpu/cpu/cpu.sim/sim_1/behav/xsim/RAM.mif'
INFO: [SIM-utils-43] Exported 'D:/csw/Desk/CS202/CPU/simple-cpu/cpu/cpu.sim/sim_1/behav/xsim/dmem32.coe'
INFO: [USF-XSim-97] Finding global include files...
INFO: [USF-XSim-98] Fetching design files from 'sim_1'...
INFO: [USF-XSim-2] XSim::Compile design
INFO: [USF-XSim-61] Executing 'COMPILE and ANALYZE' step in 'D:/csw/Desk/CS202/CPU/simple-cpu/cpu/cpu.sim/sim_1/behav/xsim'
"xvlog --incr --relax -prj sim_vlog.prj"
INFO: [VRFC 10-2263] Analyzing Verilog file "D:/csw/Desk/CS202/CPU/simple-cpu/cpu/cpu.srcs/sources_1/ip/RAM/sim/RAM.v" into library xil_defaultlib
INFO: [VRFC 10-311] analyzing module RAM
INFO: [VRFC 10-2263] Analyzing Verilog file "D:/csw/Desk/CS202/CPU/simple-cpu/cpu/cpu.srcs/sources_1/ip/IMem/sim/IMem.v" into library xil_defaultlib
INFO: [VRFC 10-311] analyzing module IMem
INFO: [VRFC 10-2263] Analyzing Verilog file "D:/csw/Desk/CS202/CPU/simple-cpu/cpu/cpu.srcs/sources_1/ip/cpuclk/cpuclk_clk_wiz.v" into library xil_defaultlib
INFO: [VRFC 10-311] analyzing module cpuclk_clk_wiz
INFO: [VRFC 10-2263] Analyzing Verilog file "D:/csw/Desk/CS202/CPU/simple-cpu/cpu/cpu.srcs/sources_1/ip/cpuclk/cpuclk.v" into library xil_defaultlib
INFO: [VRFC 10-311] analyzing module cpuclk
INFO: [VRFC 10-2263] Analyzing Verilog file "D:/csw/Desk/CS202/CPU/simple-cpu/cpu/cpu.srcs/sources_1/new/ALU.v" into library xil_defaultlib
INFO: [VRFC 10-311] analyzing module ALU
INFO: [VRFC 10-2263] Analyzing Verilog file "D:/csw/Desk/CS202/CPU/simple-cpu/cpu/cpu.srcs/sources_1/new/Controller.v" into library xil_defaultlib
INFO: [VRFC 10-311] analyzing module Controller
INFO: [VRFC 10-2263] Analyzing Verilog file "D:/csw/Desk/CS202/CPU/simple-cpu/cpu/cpu.srcs/sources_1/new/DMemory.v" into library xil_defaultlib
INFO: [VRFC 10-311] analyzing module DMemory
INFO: [VRFC 10-2263] Analyzing Verilog file "D:/csw/Desk/CS202/CPU/simple-cpu/cpu/cpu.srcs/sources_1/new/HWAssistant.v" into library xil_defaultlib
INFO: [VRFC 10-311] analyzing module HWAssistant
INFO: [VRFC 10-2263] Analyzing Verilog file "D:/csw/Desk/CS202/CPU/simple-cpu/cpu/cpu.srcs/sources_1/new/IDecoder.v" into library xil_defaultlib
INFO: [VRFC 10-311] analyzing module IDecoder
INFO: [VRFC 10-2263] Analyzing Verilog file "D:/csw/Desk/CS202/CPU/simple-cpu/cpu/cpu.srcs/sources_1/new/IFetch.v" into library xil_defaultlib
INFO: [VRFC 10-311] analyzing module IFetch
INFO: [VRFC 10-2263] Analyzing Verilog file "D:/csw/Desk/CS202/CPU/simple-cpu/cpu/cpu.srcs/sources_1/new/PC.v" into library xil_defaultlib
INFO: [VRFC 10-311] analyzing module PC
INFO: [VRFC 10-2263] Analyzing Verilog file "D:/csw/Desk/CS202/CPU/simple-cpu/cpu/cpu.srcs/sources_1/new/Sign_Extend.v" into library xil_defaultlib
INFO: [VRFC 10-311] analyzing module Sign_Extend
INFO: [VRFC 10-2263] Analyzing Verilog file "D:/csw/Desk/CS202/CPU/simple-cpu/cpu/cpu.srcs/sources_1/new/Top.v" into library xil_defaultlib
INFO: [VRFC 10-311] analyzing module Top
INFO: [VRFC 10-2263] Analyzing Verilog file "D:/csw/Desk/CS202/CPU/simple-cpu/cpu/cpu.srcs/sources_1/new/light_7seg_ego1.v" into library xil_defaultlib
INFO: [VRFC 10-311] analyzing module light_7seg_ego1
INFO: [VRFC 10-2263] Analyzing Verilog file "D:/csw/Desk/CS202/CPU/simple-cpu/cpu/cpu.srcs/sources_1/new/refresh_seg_led.v" into library xil_defaultlib
INFO: [VRFC 10-311] analyzing module refresh_seg_led
INFO: [VRFC 10-2263] Analyzing Verilog file "D:/csw/Desk/CS202/CPU/simple-cpu/cpu/cpu.srcs/sim_1/new/sim.v" into library xil_defaultlib
INFO: [VRFC 10-311] analyzing module sim
INFO: [USF-XSim-69] 'compile' step finished in '1' seconds
INFO: [USF-XSim-3] XSim::Elaborate design
INFO: [USF-XSim-61] Executing 'ELABORATE' step in 'D:/csw/Desk/CS202/CPU/simple-cpu/cpu/cpu.sim/sim_1/behav/xsim'
Vivado Simulator 2017.4
Copyright 1986-1999, 2001-2016 Xilinx, Inc. All Rights Reserved.
Running: D:/csw/Xilinx/Vivado/2017.4/bin/unwrapped/win64.o/xelab.exe -wto da155866ffcc4466bc82b15d191e25bc --incr --debug typical --relax --mt 2 -L blk_mem_gen_v8_4_1 -L xil_defaultlib -L unisims_ver -L unimacro_ver -L secureip -L xpm --snapshot sim_behav xil_defaultlib.sim xil_defaultlib.glbl -log elaborate.log 
Using 2 slave threads.
Starting static elaboration
WARNING: [VRFC 10-1783] select index 62 into current_contents is out of bounds [/wrk/2017.4/nightly/2017_12_15_2086221/packages/customer/vivado/data/ip/xilinx/blk_mem_gen_v8_4/simulation/blk_mem_gen_v8_4.v:2420]
Completed static elaboration
Starting simulation data flow analysis
Completed simulation data flow analysis
Time Resolution for simulation is 1ps
Compiling module xil_defaultlib.light_7seg_ego1
Compiling module xil_defaultlib.refresh_seg_led
Compiling module xil_defaultlib.HWAssistant
Compiling module unisims_ver.IBUF
Compiling module unisims_ver.PLLE2_ADV(CLKFBOUT_MULT=46,CLKIN...
Compiling module unisims_ver.BUFG
Compiling module xil_defaultlib.cpuclk_clk_wiz
Compiling module xil_defaultlib.cpuclk
Compiling module xil_defaultlib.PC
Compiling module blk_mem_gen_v8_4_1.blk_mem_gen_v8_4_1_output_stage(...
Compiling module blk_mem_gen_v8_4_1.blk_mem_gen_v8_4_1_softecc_outpu...
Compiling module blk_mem_gen_v8_4_1.blk_mem_gen_v8_4_1_mem_module(C_...
Compiling module blk_mem_gen_v8_4_1.blk_mem_gen_v8_4_1(C_FAMILY="art...
Compiling module xil_defaultlib.IMem
Compiling module xil_defaultlib.IFetch
Compiling module xil_defaultlib.Controller
Compiling module xil_defaultlib.IDecoder
Compiling module xil_defaultlib.ALU
Compiling module blk_mem_gen_v8_4_1.blk_mem_gen_v8_4_1_mem_module(C_...
Compiling module blk_mem_gen_v8_4_1.blk_mem_gen_v8_4_1(C_FAMILY="art...
Compiling module xil_defaultlib.RAM
Compiling module xil_defaultlib.DMemory
Compiling module xil_defaultlib.Sign_Extend
Compiling module xil_defaultlib.Top
Compiling module xil_defaultlib.sim
Compiling module xil_defaultlib.glbl
Built simulation snapshot sim_behav
INFO: [USF-XSim-69] 'elaborate' step finished in '3' seconds
INFO: [USF-XSim-4] XSim::Simulate design
INFO: [USF-XSim-61] Executing 'SIMULATE' step in 'D:/csw/Desk/CS202/CPU/simple-cpu/cpu/cpu.sim/sim_1/behav/xsim'
INFO: [USF-XSim-98] *** Running xsim
   with args "sim_behav -key {Behavioral:sim_1:Functional:sim} -tclbatch {sim.tcl} -log {simulate.log}"
INFO: [USF-XSim-8] Loading simulator feature
Vivado Simulator 2017.4
Time resolution is 1 ps
source sim.tcl
# set curr_wave [current_wave_config]
# if { [string length $curr_wave] == 0 } {
#   if { [llength [get_objects]] > 0} {
#     add_wave /
#     set_property needs_save false [current_wave_config]
#   } else {
#      send_msg_id Add_Wave-1 WARNING "No top level signals found. Simulator will start without a wave window. If you want to open a wave window go to 'File->New Waveform Configuration' or type 'create_wave_config' in the TCL console."
#   }
# }
# run 100us
 Block Memory Generator module loading initial data...
 Block Memory Generator data initialization complete.
Block Memory Generator module sim.top.ifetch.ram.inst.native_mem_module.blk_mem_gen_v8_4_1_inst is using a behavioral model for simulation which will not precisely model memory collision behavior.
 Block Memory Generator module loading initial data...
 Block Memory Generator data initialization complete.
Block Memory Generator module sim.top.dmemory.ram.inst.native_mem_module.blk_mem_gen_v8_4_1_inst is using a behavioral model for simulation which will not precisely model memory collision behavior.
INFO: [USF-XSim-96] XSim completed. Design snapshot 'sim_behav' loaded.
INFO: [USF-XSim-97] XSim simulation ran for 100us
launch_simulation: Time (s): cpu = 00:00:02 ; elapsed = 00:00:10 . Memory (MB): peak = 1149.965 ; gain = 3.938
WARNING: [IP_Flow 19-4067] Ignoring invalid widget type specified checkbox.Providing a default widget
WARNING: [IP_Flow 19-4067] Ignoring invalid widget type specified checkbox.Providing a default widget
WARNING: [IP_Flow 19-4067] Ignoring invalid widget type specified checkbox.Providing a default widget
WARNING: [IP_Flow 19-4067] Ignoring invalid widget type specified checkbox.Providing a default widget
WARNING: [IP_Flow 19-4067] Ignoring invalid widget type specified checkbox.Providing a default widget
WARNING: [IP_Flow 19-4067] Ignoring invalid widget type specified checkbox.Providing a default widget
set_property -dict [list CONFIG.Coe_File {D:/csw/Desk/CS202/CPU/simple-cpu/coe/prgmip32.coe}] [get_ips IMem]
INFO: [IP_Flow 19-3484] Absolute path of file 'd:/csw/Desk/CS202/CPU/simple-cpu/coe/prgmip32.coe' provided. It will be converted relative to IP Instance files '../../../../../coe/prgmip32.coe'
generate_target all [get_files  D:/csw/Desk/CS202/CPU/simple-cpu/cpu/cpu.srcs/sources_1/ip/IMem/IMem.xci]
INFO: [IP_Flow 19-1686] Generating 'Instantiation Template' target for IP 'IMem'...
INFO: [IP_Flow 19-1686] Generating 'Synthesis' target for IP 'IMem'...
INFO: [IP_Flow 19-1686] Generating 'Simulation' target for IP 'IMem'...
INFO: [IP_Flow 19-1686] Generating 'Miscellaneous' target for IP 'IMem'...
INFO: [IP_Flow 19-1686] Generating 'Change Log' target for IP 'IMem'...
catch { config_ip_cache -export [get_ips -all IMem] }
export_ip_user_files -of_objects [get_files D:/csw/Desk/CS202/CPU/simple-cpu/cpu/cpu.srcs/sources_1/ip/IMem/IMem.xci] -no_script -sync -force -quiet
reset_run IMem_synth_1
WARNING: [Vivado 12-1017] Problems encountered:
1. Failed to delete one or more files in run directory D:/csw/Desk/CS202/CPU/simple-cpu/cpu/cpu.runs/IMem_synth_1

launch_runs -jobs 8 IMem_synth_1
[Tue May 16 22:29:48 2023] Launched IMem_synth_1...
Run output will be captured here: D:/csw/Desk/CS202/CPU/simple-cpu/cpu/cpu.runs/IMem_synth_1/runme.log
export_simulation -of_objects [get_files D:/csw/Desk/CS202/CPU/simple-cpu/cpu/cpu.srcs/sources_1/ip/IMem/IMem.xci] -directory D:/csw/Desk/CS202/CPU/simple-cpu/cpu/cpu.ip_user_files/sim_scripts -ip_user_files_dir D:/csw/Desk/CS202/CPU/simple-cpu/cpu/cpu.ip_user_files -ipstatic_source_dir D:/csw/Desk/CS202/CPU/simple-cpu/cpu/cpu.ip_user_files/ipstatic -lib_map_path [list {modelsim=D:/csw/Desk/CS202/CPU/simple-cpu/cpu/cpu.cache/compile_simlib/modelsim} {questa=D:/csw/Desk/CS202/CPU/simple-cpu/cpu/cpu.cache/compile_simlib/questa} {riviera=D:/csw/Desk/CS202/CPU/simple-cpu/cpu/cpu.cache/compile_simlib/riviera} {activehdl=D:/csw/Desk/CS202/CPU/simple-cpu/cpu/cpu.cache/compile_simlib/activehdl}] -use_ip_compiled_libs -force -quiet
close_sim
INFO: [Simtcl 6-16] Simulation closed
launch_simulation
INFO: [Vivado 12-5698] Checking validity of IPs in the design for the 'XSim' simulator...
INFO: [Vivado 12-5682] Launching behavioral simulation in 'D:/csw/Desk/CS202/CPU/simple-cpu/cpu/cpu.sim/sim_1/behav/xsim'
INFO: [Vivado 12-4795] Using compiled simulation libraries for IPs
INFO: [SIM-utils-51] Simulation object is 'sim_1'
INFO: [USF-XSim-7] Finding pre-compiled libraries...
INFO: [USF-XSim-11] File 'D:/csw/Xilinx/Vivado/2017.4/data/xsim/ip/xsim_ip.ini' copied to run dir:'D:/csw/Desk/CS202/CPU/simple-cpu/cpu/cpu.sim/sim_1/behav/xsim'
INFO: [SIM-utils-54] Inspecting design source files for 'sim' in fileset 'sim_1'...
INFO: [SIM-utils-43] Exported 'D:/csw/Desk/CS202/CPU/simple-cpu/cpu/cpu.sim/sim_1/behav/xsim/IMem.mif'
INFO: [SIM-utils-43] Exported 'D:/csw/Desk/CS202/CPU/simple-cpu/cpu/cpu.sim/sim_1/behav/xsim/prgmip32.coe'
INFO: [SIM-utils-43] Exported 'D:/csw/Desk/CS202/CPU/simple-cpu/cpu/cpu.sim/sim_1/behav/xsim/RAM.mif'
INFO: [SIM-utils-43] Exported 'D:/csw/Desk/CS202/CPU/simple-cpu/cpu/cpu.sim/sim_1/behav/xsim/dmem32.coe'
INFO: [USF-XSim-97] Finding global include files...
INFO: [USF-XSim-98] Fetching design files from 'sim_1'...
INFO: [USF-XSim-2] XSim::Compile design
INFO: [USF-XSim-61] Executing 'COMPILE and ANALYZE' step in 'D:/csw/Desk/CS202/CPU/simple-cpu/cpu/cpu.sim/sim_1/behav/xsim'
"xvlog --incr --relax -prj sim_vlog.prj"
INFO: [VRFC 10-2263] Analyzing Verilog file "D:/csw/Desk/CS202/CPU/simple-cpu/cpu/cpu.srcs/sources_1/ip/RAM/sim/RAM.v" into library xil_defaultlib
INFO: [VRFC 10-311] analyzing module RAM
INFO: [VRFC 10-2263] Analyzing Verilog file "D:/csw/Desk/CS202/CPU/simple-cpu/cpu/cpu.srcs/sources_1/ip/IMem/sim/IMem.v" into library xil_defaultlib
INFO: [VRFC 10-311] analyzing module IMem
INFO: [VRFC 10-2263] Analyzing Verilog file "D:/csw/Desk/CS202/CPU/simple-cpu/cpu/cpu.srcs/sources_1/ip/cpuclk/cpuclk_clk_wiz.v" into library xil_defaultlib
INFO: [VRFC 10-311] analyzing module cpuclk_clk_wiz
INFO: [VRFC 10-2263] Analyzing Verilog file "D:/csw/Desk/CS202/CPU/simple-cpu/cpu/cpu.srcs/sources_1/ip/cpuclk/cpuclk.v" into library xil_defaultlib
INFO: [VRFC 10-311] analyzing module cpuclk
INFO: [VRFC 10-2263] Analyzing Verilog file "D:/csw/Desk/CS202/CPU/simple-cpu/cpu/cpu.srcs/sources_1/new/ALU.v" into library xil_defaultlib
INFO: [VRFC 10-311] analyzing module ALU
INFO: [VRFC 10-2263] Analyzing Verilog file "D:/csw/Desk/CS202/CPU/simple-cpu/cpu/cpu.srcs/sources_1/new/Controller.v" into library xil_defaultlib
INFO: [VRFC 10-311] analyzing module Controller
INFO: [VRFC 10-2263] Analyzing Verilog file "D:/csw/Desk/CS202/CPU/simple-cpu/cpu/cpu.srcs/sources_1/new/DMemory.v" into library xil_defaultlib
INFO: [VRFC 10-311] analyzing module DMemory
INFO: [VRFC 10-2263] Analyzing Verilog file "D:/csw/Desk/CS202/CPU/simple-cpu/cpu/cpu.srcs/sources_1/new/HWAssistant.v" into library xil_defaultlib
INFO: [VRFC 10-311] analyzing module HWAssistant
INFO: [VRFC 10-2263] Analyzing Verilog file "D:/csw/Desk/CS202/CPU/simple-cpu/cpu/cpu.srcs/sources_1/new/IDecoder.v" into library xil_defaultlib
INFO: [VRFC 10-311] analyzing module IDecoder
INFO: [VRFC 10-2263] Analyzing Verilog file "D:/csw/Desk/CS202/CPU/simple-cpu/cpu/cpu.srcs/sources_1/new/IFetch.v" into library xil_defaultlib
INFO: [VRFC 10-311] analyzing module IFetch
INFO: [VRFC 10-2263] Analyzing Verilog file "D:/csw/Desk/CS202/CPU/simple-cpu/cpu/cpu.srcs/sources_1/new/PC.v" into library xil_defaultlib
INFO: [VRFC 10-311] analyzing module PC
INFO: [VRFC 10-2263] Analyzing Verilog file "D:/csw/Desk/CS202/CPU/simple-cpu/cpu/cpu.srcs/sources_1/new/Sign_Extend.v" into library xil_defaultlib
INFO: [VRFC 10-311] analyzing module Sign_Extend
INFO: [VRFC 10-2263] Analyzing Verilog file "D:/csw/Desk/CS202/CPU/simple-cpu/cpu/cpu.srcs/sources_1/new/Top.v" into library xil_defaultlib
INFO: [VRFC 10-311] analyzing module Top
INFO: [VRFC 10-2263] Analyzing Verilog file "D:/csw/Desk/CS202/CPU/simple-cpu/cpu/cpu.srcs/sources_1/new/light_7seg_ego1.v" into library xil_defaultlib
INFO: [VRFC 10-311] analyzing module light_7seg_ego1
INFO: [VRFC 10-2263] Analyzing Verilog file "D:/csw/Desk/CS202/CPU/simple-cpu/cpu/cpu.srcs/sources_1/new/refresh_seg_led.v" into library xil_defaultlib
INFO: [VRFC 10-311] analyzing module refresh_seg_led
INFO: [VRFC 10-2263] Analyzing Verilog file "D:/csw/Desk/CS202/CPU/simple-cpu/cpu/cpu.srcs/sim_1/new/sim.v" into library xil_defaultlib
INFO: [VRFC 10-311] analyzing module sim
INFO: [USF-XSim-69] 'compile' step finished in '1' seconds
INFO: [USF-XSim-3] XSim::Elaborate design
INFO: [USF-XSim-61] Executing 'ELABORATE' step in 'D:/csw/Desk/CS202/CPU/simple-cpu/cpu/cpu.sim/sim_1/behav/xsim'
Vivado Simulator 2017.4
Copyright 1986-1999, 2001-2016 Xilinx, Inc. All Rights Reserved.
Running: D:/csw/Xilinx/Vivado/2017.4/bin/unwrapped/win64.o/xelab.exe -wto da155866ffcc4466bc82b15d191e25bc --incr --debug typical --relax --mt 2 -L blk_mem_gen_v8_4_1 -L xil_defaultlib -L unisims_ver -L unimacro_ver -L secureip -L xpm --snapshot sim_behav xil_defaultlib.sim xil_defaultlib.glbl -log elaborate.log 
Using 2 slave threads.
Starting static elaboration
WARNING: [VRFC 10-1783] select index 62 into current_contents is out of bounds [/wrk/2017.4/nightly/2017_12_15_2086221/packages/customer/vivado/data/ip/xilinx/blk_mem_gen_v8_4/simulation/blk_mem_gen_v8_4.v:2420]
Completed static elaboration
Starting simulation data flow analysis
Completed simulation data flow analysis
Time Resolution for simulation is 1ps
Compiling module xil_defaultlib.light_7seg_ego1
Compiling module xil_defaultlib.refresh_seg_led
Compiling module xil_defaultlib.HWAssistant
Compiling module unisims_ver.IBUF
Compiling module unisims_ver.PLLE2_ADV(CLKFBOUT_MULT=46,CLKIN...
Compiling module unisims_ver.BUFG
Compiling module xil_defaultlib.cpuclk_clk_wiz
Compiling module xil_defaultlib.cpuclk
Compiling module xil_defaultlib.PC
Compiling module blk_mem_gen_v8_4_1.blk_mem_gen_v8_4_1_output_stage(...
Compiling module blk_mem_gen_v8_4_1.blk_mem_gen_v8_4_1_softecc_outpu...
Compiling module blk_mem_gen_v8_4_1.blk_mem_gen_v8_4_1_mem_module(C_...
Compiling module blk_mem_gen_v8_4_1.blk_mem_gen_v8_4_1(C_FAMILY="art...
Compiling module xil_defaultlib.IMem
Compiling module xil_defaultlib.IFetch
Compiling module xil_defaultlib.Controller
Compiling module xil_defaultlib.IDecoder
Compiling module xil_defaultlib.ALU
Compiling module blk_mem_gen_v8_4_1.blk_mem_gen_v8_4_1_mem_module(C_...
Compiling module blk_mem_gen_v8_4_1.blk_mem_gen_v8_4_1(C_FAMILY="art...
Compiling module xil_defaultlib.RAM
Compiling module xil_defaultlib.DMemory
Compiling module xil_defaultlib.Sign_Extend
Compiling module xil_defaultlib.Top
Compiling module xil_defaultlib.sim
Compiling module xil_defaultlib.glbl
Built simulation snapshot sim_behav
INFO: [USF-XSim-69] 'elaborate' step finished in '3' seconds
INFO: [USF-XSim-4] XSim::Simulate design
INFO: [USF-XSim-61] Executing 'SIMULATE' step in 'D:/csw/Desk/CS202/CPU/simple-cpu/cpu/cpu.sim/sim_1/behav/xsim'
INFO: [USF-XSim-98] *** Running xsim
   with args "sim_behav -key {Behavioral:sim_1:Functional:sim} -tclbatch {sim.tcl} -log {simulate.log}"
INFO: [USF-XSim-8] Loading simulator feature
Vivado Simulator 2017.4
Time resolution is 1 ps
source sim.tcl
# set curr_wave [current_wave_config]
# if { [string length $curr_wave] == 0 } {
#   if { [llength [get_objects]] > 0} {
#     add_wave /
#     set_property needs_save false [current_wave_config]
#   } else {
#      send_msg_id Add_Wave-1 WARNING "No top level signals found. Simulator will start without a wave window. If you want to open a wave window go to 'File->New Waveform Configuration' or type 'create_wave_config' in the TCL console."
#   }
# }
# run 100us
 Block Memory Generator module loading initial data...
 Block Memory Generator data initialization complete.
Block Memory Generator module sim.top.ifetch.ram.inst.native_mem_module.blk_mem_gen_v8_4_1_inst is using a behavioral model for simulation which will not precisely model memory collision behavior.
 Block Memory Generator module loading initial data...
 Block Memory Generator data initialization complete.
Block Memory Generator module sim.top.dmemory.ram.inst.native_mem_module.blk_mem_gen_v8_4_1_inst is using a behavioral model for simulation which will not precisely model memory collision behavior.
INFO: [Common 17-41] Interrupt caught. Command should exit soon.
run: Time (s): cpu = 00:00:40 ; elapsed = 00:01:15 . Memory (MB): peak = 1186.641 ; gain = 0.000
INFO: [Common 17-344] 'run' was cancelled
INFO: [Common 17-344] 'source' was cancelled
xsim: Time (s): cpu = 00:00:42 ; elapsed = 00:01:17 . Memory (MB): peak = 1186.641 ; gain = 0.000
INFO: [Common 17-344] 'xsim' was cancelled
INFO: [Vivado 12-5357] 'simulate' step aborted
launch_simulation: Time (s): cpu = 00:00:43 ; elapsed = 00:01:22 . Memory (MB): peak = 1186.641 ; gain = 0.000
INFO: [Common 17-344] 'launch_simulation' was cancelled
close_sim
INFO: [Simtcl 6-16] Simulation closed
launch_simulation
INFO: [Vivado 12-5698] Checking validity of IPs in the design for the 'XSim' simulator...
INFO: [Vivado 12-5682] Launching behavioral simulation in 'D:/csw/Desk/CS202/CPU/simple-cpu/cpu/cpu.sim/sim_1/behav/xsim'
INFO: [Vivado 12-4795] Using compiled simulation libraries for IPs
INFO: [SIM-utils-51] Simulation object is 'sim_1'
INFO: [USF-XSim-7] Finding pre-compiled libraries...
INFO: [USF-XSim-11] File 'D:/csw/Xilinx/Vivado/2017.4/data/xsim/ip/xsim_ip.ini' copied to run dir:'D:/csw/Desk/CS202/CPU/simple-cpu/cpu/cpu.sim/sim_1/behav/xsim'
INFO: [SIM-utils-54] Inspecting design source files for 'sim' in fileset 'sim_1'...
INFO: [SIM-utils-43] Exported 'D:/csw/Desk/CS202/CPU/simple-cpu/cpu/cpu.sim/sim_1/behav/xsim/IMem.mif'
INFO: [SIM-utils-43] Exported 'D:/csw/Desk/CS202/CPU/simple-cpu/cpu/cpu.sim/sim_1/behav/xsim/prgmip32.coe'
INFO: [SIM-utils-43] Exported 'D:/csw/Desk/CS202/CPU/simple-cpu/cpu/cpu.sim/sim_1/behav/xsim/RAM.mif'
INFO: [SIM-utils-43] Exported 'D:/csw/Desk/CS202/CPU/simple-cpu/cpu/cpu.sim/sim_1/behav/xsim/dmem32.coe'
INFO: [USF-XSim-97] Finding global include files...
INFO: [USF-XSim-98] Fetching design files from 'sim_1'...
INFO: [USF-XSim-2] XSim::Compile design
INFO: [USF-XSim-61] Executing 'COMPILE and ANALYZE' step in 'D:/csw/Desk/CS202/CPU/simple-cpu/cpu/cpu.sim/sim_1/behav/xsim'
"xvlog --incr --relax -prj sim_vlog.prj"
INFO: [VRFC 10-2263] Analyzing Verilog file "D:/csw/Desk/CS202/CPU/simple-cpu/cpu/cpu.srcs/sources_1/ip/RAM/sim/RAM.v" into library xil_defaultlib
INFO: [VRFC 10-311] analyzing module RAM
INFO: [VRFC 10-2263] Analyzing Verilog file "D:/csw/Desk/CS202/CPU/simple-cpu/cpu/cpu.srcs/sources_1/ip/IMem/sim/IMem.v" into library xil_defaultlib
INFO: [VRFC 10-311] analyzing module IMem
INFO: [VRFC 10-2263] Analyzing Verilog file "D:/csw/Desk/CS202/CPU/simple-cpu/cpu/cpu.srcs/sources_1/ip/cpuclk/cpuclk_clk_wiz.v" into library xil_defaultlib
INFO: [VRFC 10-311] analyzing module cpuclk_clk_wiz
INFO: [VRFC 10-2263] Analyzing Verilog file "D:/csw/Desk/CS202/CPU/simple-cpu/cpu/cpu.srcs/sources_1/ip/cpuclk/cpuclk.v" into library xil_defaultlib
INFO: [VRFC 10-311] analyzing module cpuclk
INFO: [VRFC 10-2263] Analyzing Verilog file "D:/csw/Desk/CS202/CPU/simple-cpu/cpu/cpu.srcs/sources_1/new/ALU.v" into library xil_defaultlib
INFO: [VRFC 10-311] analyzing module ALU
INFO: [VRFC 10-2263] Analyzing Verilog file "D:/csw/Desk/CS202/CPU/simple-cpu/cpu/cpu.srcs/sources_1/new/Controller.v" into library xil_defaultlib
INFO: [VRFC 10-311] analyzing module Controller
INFO: [VRFC 10-2263] Analyzing Verilog file "D:/csw/Desk/CS202/CPU/simple-cpu/cpu/cpu.srcs/sources_1/new/DMemory.v" into library xil_defaultlib
INFO: [VRFC 10-311] analyzing module DMemory
INFO: [VRFC 10-2263] Analyzing Verilog file "D:/csw/Desk/CS202/CPU/simple-cpu/cpu/cpu.srcs/sources_1/new/HWAssistant.v" into library xil_defaultlib
INFO: [VRFC 10-311] analyzing module HWAssistant
INFO: [VRFC 10-2263] Analyzing Verilog file "D:/csw/Desk/CS202/CPU/simple-cpu/cpu/cpu.srcs/sources_1/new/IDecoder.v" into library xil_defaultlib
INFO: [VRFC 10-311] analyzing module IDecoder
INFO: [VRFC 10-2263] Analyzing Verilog file "D:/csw/Desk/CS202/CPU/simple-cpu/cpu/cpu.srcs/sources_1/new/IFetch.v" into library xil_defaultlib
INFO: [VRFC 10-311] analyzing module IFetch
INFO: [VRFC 10-2263] Analyzing Verilog file "D:/csw/Desk/CS202/CPU/simple-cpu/cpu/cpu.srcs/sources_1/new/PC.v" into library xil_defaultlib
INFO: [VRFC 10-311] analyzing module PC
INFO: [VRFC 10-2263] Analyzing Verilog file "D:/csw/Desk/CS202/CPU/simple-cpu/cpu/cpu.srcs/sources_1/new/Sign_Extend.v" into library xil_defaultlib
INFO: [VRFC 10-311] analyzing module Sign_Extend
INFO: [VRFC 10-2263] Analyzing Verilog file "D:/csw/Desk/CS202/CPU/simple-cpu/cpu/cpu.srcs/sources_1/new/Top.v" into library xil_defaultlib
INFO: [VRFC 10-311] analyzing module Top
INFO: [VRFC 10-2263] Analyzing Verilog file "D:/csw/Desk/CS202/CPU/simple-cpu/cpu/cpu.srcs/sources_1/new/light_7seg_ego1.v" into library xil_defaultlib
INFO: [VRFC 10-311] analyzing module light_7seg_ego1
INFO: [VRFC 10-2263] Analyzing Verilog file "D:/csw/Desk/CS202/CPU/simple-cpu/cpu/cpu.srcs/sources_1/new/refresh_seg_led.v" into library xil_defaultlib
INFO: [VRFC 10-311] analyzing module refresh_seg_led
INFO: [VRFC 10-2263] Analyzing Verilog file "D:/csw/Desk/CS202/CPU/simple-cpu/cpu/cpu.srcs/sim_1/new/sim.v" into library xil_defaultlib
INFO: [VRFC 10-311] analyzing module sim
INFO: [USF-XSim-69] 'compile' step finished in '1' seconds
INFO: [USF-XSim-3] XSim::Elaborate design
INFO: [USF-XSim-61] Executing 'ELABORATE' step in 'D:/csw/Desk/CS202/CPU/simple-cpu/cpu/cpu.sim/sim_1/behav/xsim'
Vivado Simulator 2017.4
Copyright 1986-1999, 2001-2016 Xilinx, Inc. All Rights Reserved.
Running: D:/csw/Xilinx/Vivado/2017.4/bin/unwrapped/win64.o/xelab.exe -wto da155866ffcc4466bc82b15d191e25bc --incr --debug typical --relax --mt 2 -L blk_mem_gen_v8_4_1 -L xil_defaultlib -L unisims_ver -L unimacro_ver -L secureip -L xpm --snapshot sim_behav xil_defaultlib.sim xil_defaultlib.glbl -log elaborate.log 
Using 2 slave threads.
Starting static elaboration
WARNING: [VRFC 10-1783] select index 62 into current_contents is out of bounds [/wrk/2017.4/nightly/2017_12_15_2086221/packages/customer/vivado/data/ip/xilinx/blk_mem_gen_v8_4/simulation/blk_mem_gen_v8_4.v:2420]
Completed static elaboration
Starting simulation data flow analysis
Completed simulation data flow analysis
Time Resolution for simulation is 1ps
Compiling module xil_defaultlib.light_7seg_ego1
Compiling module xil_defaultlib.refresh_seg_led
Compiling module xil_defaultlib.HWAssistant
Compiling module unisims_ver.IBUF
Compiling module unisims_ver.PLLE2_ADV(CLKFBOUT_MULT=46,CLKIN...
Compiling module unisims_ver.BUFG
Compiling module xil_defaultlib.cpuclk_clk_wiz
Compiling module xil_defaultlib.cpuclk
Compiling module xil_defaultlib.PC
Compiling module blk_mem_gen_v8_4_1.blk_mem_gen_v8_4_1_output_stage(...
Compiling module blk_mem_gen_v8_4_1.blk_mem_gen_v8_4_1_softecc_outpu...
Compiling module blk_mem_gen_v8_4_1.blk_mem_gen_v8_4_1_mem_module(C_...
Compiling module blk_mem_gen_v8_4_1.blk_mem_gen_v8_4_1(C_FAMILY="art...
Compiling module xil_defaultlib.IMem
Compiling module xil_defaultlib.IFetch
Compiling module xil_defaultlib.Controller
Compiling module xil_defaultlib.IDecoder
Compiling module xil_defaultlib.ALU
Compiling module blk_mem_gen_v8_4_1.blk_mem_gen_v8_4_1_mem_module(C_...
Compiling module blk_mem_gen_v8_4_1.blk_mem_gen_v8_4_1(C_FAMILY="art...
Compiling module xil_defaultlib.RAM
Compiling module xil_defaultlib.DMemory
Compiling module xil_defaultlib.Sign_Extend
Compiling module xil_defaultlib.Top
Compiling module xil_defaultlib.sim
Compiling module xil_defaultlib.glbl
Built simulation snapshot sim_behav
INFO: [USF-XSim-69] 'elaborate' step finished in '3' seconds
INFO: [USF-XSim-4] XSim::Simulate design
INFO: [USF-XSim-61] Executing 'SIMULATE' step in 'D:/csw/Desk/CS202/CPU/simple-cpu/cpu/cpu.sim/sim_1/behav/xsim'
INFO: [USF-XSim-98] *** Running xsim
   with args "sim_behav -key {Behavioral:sim_1:Functional:sim} -tclbatch {sim.tcl} -log {simulate.log}"
INFO: [USF-XSim-8] Loading simulator feature
Vivado Simulator 2017.4
Time resolution is 1 ps
source sim.tcl
# set curr_wave [current_wave_config]
# if { [string length $curr_wave] == 0 } {
#   if { [llength [get_objects]] > 0} {
#     add_wave /
#     set_property needs_save false [current_wave_config]
#   } else {
#      send_msg_id Add_Wave-1 WARNING "No top level signals found. Simulator will start without a wave window. If you want to open a wave window go to 'File->New Waveform Configuration' or type 'create_wave_config' in the TCL console."
#   }
# }
# run 100us
 Block Memory Generator module loading initial data...
 Block Memory Generator data initialization complete.
Block Memory Generator module sim.top.ifetch.ram.inst.native_mem_module.blk_mem_gen_v8_4_1_inst is using a behavioral model for simulation which will not precisely model memory collision behavior.
 Block Memory Generator module loading initial data...
 Block Memory Generator data initialization complete.
Block Memory Generator module sim.top.dmemory.ram.inst.native_mem_module.blk_mem_gen_v8_4_1_inst is using a behavioral model for simulation which will not precisely model memory collision behavior.
INFO: [Common 17-41] Interrupt caught. Command should exit soon.
run: Time (s): cpu = 00:00:02 ; elapsed = 00:00:23 . Memory (MB): peak = 1186.641 ; gain = 0.000
INFO: [Common 17-344] 'run' was cancelled
INFO: [Common 17-344] 'source' was cancelled
xsim: Time (s): cpu = 00:00:04 ; elapsed = 00:00:25 . Memory (MB): peak = 1186.641 ; gain = 0.000
INFO: [Common 17-344] 'xsim' was cancelled
INFO: [Vivado 12-5357] 'simulate' step aborted
launch_simulation: Time (s): cpu = 00:00:04 ; elapsed = 00:00:30 . Memory (MB): peak = 1186.641 ; gain = 0.000
INFO: [Common 17-344] 'launch_simulation' was cancelled
close_sim
INFO: [Simtcl 6-16] Simulation closed
launch_simulation
INFO: [Vivado 12-5698] Checking validity of IPs in the design for the 'XSim' simulator...
INFO: [Vivado 12-5682] Launching behavioral simulation in 'D:/csw/Desk/CS202/CPU/simple-cpu/cpu/cpu.sim/sim_1/behav/xsim'
INFO: [Vivado 12-4795] Using compiled simulation libraries for IPs
INFO: [SIM-utils-51] Simulation object is 'sim_1'
INFO: [USF-XSim-7] Finding pre-compiled libraries...
INFO: [USF-XSim-11] File 'D:/csw/Xilinx/Vivado/2017.4/data/xsim/ip/xsim_ip.ini' copied to run dir:'D:/csw/Desk/CS202/CPU/simple-cpu/cpu/cpu.sim/sim_1/behav/xsim'
INFO: [SIM-utils-54] Inspecting design source files for 'sim' in fileset 'sim_1'...
INFO: [SIM-utils-43] Exported 'D:/csw/Desk/CS202/CPU/simple-cpu/cpu/cpu.sim/sim_1/behav/xsim/IMem.mif'
INFO: [SIM-utils-43] Exported 'D:/csw/Desk/CS202/CPU/simple-cpu/cpu/cpu.sim/sim_1/behav/xsim/prgmip32.coe'
INFO: [SIM-utils-43] Exported 'D:/csw/Desk/CS202/CPU/simple-cpu/cpu/cpu.sim/sim_1/behav/xsim/RAM.mif'
INFO: [SIM-utils-43] Exported 'D:/csw/Desk/CS202/CPU/simple-cpu/cpu/cpu.sim/sim_1/behav/xsim/dmem32.coe'
INFO: [USF-XSim-97] Finding global include files...
INFO: [USF-XSim-98] Fetching design files from 'sim_1'...
INFO: [USF-XSim-2] XSim::Compile design
INFO: [USF-XSim-61] Executing 'COMPILE and ANALYZE' step in 'D:/csw/Desk/CS202/CPU/simple-cpu/cpu/cpu.sim/sim_1/behav/xsim'
"xvlog --incr --relax -prj sim_vlog.prj"
INFO: [VRFC 10-2263] Analyzing Verilog file "D:/csw/Desk/CS202/CPU/simple-cpu/cpu/cpu.srcs/sources_1/ip/RAM/sim/RAM.v" into library xil_defaultlib
INFO: [VRFC 10-311] analyzing module RAM
INFO: [VRFC 10-2263] Analyzing Verilog file "D:/csw/Desk/CS202/CPU/simple-cpu/cpu/cpu.srcs/sources_1/ip/IMem/sim/IMem.v" into library xil_defaultlib
INFO: [VRFC 10-311] analyzing module IMem
INFO: [VRFC 10-2263] Analyzing Verilog file "D:/csw/Desk/CS202/CPU/simple-cpu/cpu/cpu.srcs/sources_1/ip/cpuclk/cpuclk_clk_wiz.v" into library xil_defaultlib
INFO: [VRFC 10-311] analyzing module cpuclk_clk_wiz
INFO: [VRFC 10-2263] Analyzing Verilog file "D:/csw/Desk/CS202/CPU/simple-cpu/cpu/cpu.srcs/sources_1/ip/cpuclk/cpuclk.v" into library xil_defaultlib
INFO: [VRFC 10-311] analyzing module cpuclk
INFO: [VRFC 10-2263] Analyzing Verilog file "D:/csw/Desk/CS202/CPU/simple-cpu/cpu/cpu.srcs/sources_1/new/ALU.v" into library xil_defaultlib
INFO: [VRFC 10-311] analyzing module ALU
INFO: [VRFC 10-2263] Analyzing Verilog file "D:/csw/Desk/CS202/CPU/simple-cpu/cpu/cpu.srcs/sources_1/new/Controller.v" into library xil_defaultlib
INFO: [VRFC 10-311] analyzing module Controller
INFO: [VRFC 10-2263] Analyzing Verilog file "D:/csw/Desk/CS202/CPU/simple-cpu/cpu/cpu.srcs/sources_1/new/DMemory.v" into library xil_defaultlib
INFO: [VRFC 10-311] analyzing module DMemory
INFO: [VRFC 10-2263] Analyzing Verilog file "D:/csw/Desk/CS202/CPU/simple-cpu/cpu/cpu.srcs/sources_1/new/HWAssistant.v" into library xil_defaultlib
INFO: [VRFC 10-311] analyzing module HWAssistant
INFO: [VRFC 10-2263] Analyzing Verilog file "D:/csw/Desk/CS202/CPU/simple-cpu/cpu/cpu.srcs/sources_1/new/IDecoder.v" into library xil_defaultlib
INFO: [VRFC 10-311] analyzing module IDecoder
INFO: [VRFC 10-2263] Analyzing Verilog file "D:/csw/Desk/CS202/CPU/simple-cpu/cpu/cpu.srcs/sources_1/new/IFetch.v" into library xil_defaultlib
INFO: [VRFC 10-311] analyzing module IFetch
INFO: [VRFC 10-2263] Analyzing Verilog file "D:/csw/Desk/CS202/CPU/simple-cpu/cpu/cpu.srcs/sources_1/new/PC.v" into library xil_defaultlib
INFO: [VRFC 10-311] analyzing module PC
INFO: [VRFC 10-2263] Analyzing Verilog file "D:/csw/Desk/CS202/CPU/simple-cpu/cpu/cpu.srcs/sources_1/new/Sign_Extend.v" into library xil_defaultlib
INFO: [VRFC 10-311] analyzing module Sign_Extend
INFO: [VRFC 10-2263] Analyzing Verilog file "D:/csw/Desk/CS202/CPU/simple-cpu/cpu/cpu.srcs/sources_1/new/Top.v" into library xil_defaultlib
INFO: [VRFC 10-311] analyzing module Top
INFO: [VRFC 10-2263] Analyzing Verilog file "D:/csw/Desk/CS202/CPU/simple-cpu/cpu/cpu.srcs/sources_1/new/light_7seg_ego1.v" into library xil_defaultlib
INFO: [VRFC 10-311] analyzing module light_7seg_ego1
INFO: [VRFC 10-2263] Analyzing Verilog file "D:/csw/Desk/CS202/CPU/simple-cpu/cpu/cpu.srcs/sources_1/new/refresh_seg_led.v" into library xil_defaultlib
INFO: [VRFC 10-311] analyzing module refresh_seg_led
INFO: [VRFC 10-2263] Analyzing Verilog file "D:/csw/Desk/CS202/CPU/simple-cpu/cpu/cpu.srcs/sim_1/new/sim.v" into library xil_defaultlib
INFO: [VRFC 10-311] analyzing module sim
INFO: [USF-XSim-69] 'compile' step finished in '1' seconds
INFO: [USF-XSim-3] XSim::Elaborate design
INFO: [USF-XSim-61] Executing 'ELABORATE' step in 'D:/csw/Desk/CS202/CPU/simple-cpu/cpu/cpu.sim/sim_1/behav/xsim'
Vivado Simulator 2017.4
Copyright 1986-1999, 2001-2016 Xilinx, Inc. All Rights Reserved.
Running: D:/csw/Xilinx/Vivado/2017.4/bin/unwrapped/win64.o/xelab.exe -wto da155866ffcc4466bc82b15d191e25bc --incr --debug typical --relax --mt 2 -L blk_mem_gen_v8_4_1 -L xil_defaultlib -L unisims_ver -L unimacro_ver -L secureip -L xpm --snapshot sim_behav xil_defaultlib.sim xil_defaultlib.glbl -log elaborate.log 
Using 2 slave threads.
Starting static elaboration
WARNING: [VRFC 10-1783] select index 62 into current_contents is out of bounds [/wrk/2017.4/nightly/2017_12_15_2086221/packages/customer/vivado/data/ip/xilinx/blk_mem_gen_v8_4/simulation/blk_mem_gen_v8_4.v:2420]
Completed static elaboration
Starting simulation data flow analysis
Completed simulation data flow analysis
Time Resolution for simulation is 1ps
Compiling module xil_defaultlib.light_7seg_ego1
Compiling module xil_defaultlib.refresh_seg_led
Compiling module xil_defaultlib.HWAssistant
Compiling module unisims_ver.IBUF
Compiling module unisims_ver.PLLE2_ADV(CLKFBOUT_MULT=46,CLKIN...
Compiling module unisims_ver.BUFG
Compiling module xil_defaultlib.cpuclk_clk_wiz
Compiling module xil_defaultlib.cpuclk
Compiling module xil_defaultlib.PC
Compiling module blk_mem_gen_v8_4_1.blk_mem_gen_v8_4_1_output_stage(...
Compiling module blk_mem_gen_v8_4_1.blk_mem_gen_v8_4_1_softecc_outpu...
Compiling module blk_mem_gen_v8_4_1.blk_mem_gen_v8_4_1_mem_module(C_...
Compiling module blk_mem_gen_v8_4_1.blk_mem_gen_v8_4_1(C_FAMILY="art...
Compiling module xil_defaultlib.IMem
Compiling module xil_defaultlib.IFetch
Compiling module xil_defaultlib.Controller
Compiling module xil_defaultlib.IDecoder
Compiling module xil_defaultlib.ALU
Compiling module blk_mem_gen_v8_4_1.blk_mem_gen_v8_4_1_mem_module(C_...
Compiling module blk_mem_gen_v8_4_1.blk_mem_gen_v8_4_1(C_FAMILY="art...
Compiling module xil_defaultlib.RAM
Compiling module xil_defaultlib.DMemory
Compiling module xil_defaultlib.Sign_Extend
Compiling module xil_defaultlib.Top
Compiling module xil_defaultlib.sim
Compiling module xil_defaultlib.glbl
Built simulation snapshot sim_behav
INFO: [USF-XSim-69] 'elaborate' step finished in '3' seconds
INFO: [USF-XSim-4] XSim::Simulate design
INFO: [USF-XSim-61] Executing 'SIMULATE' step in 'D:/csw/Desk/CS202/CPU/simple-cpu/cpu/cpu.sim/sim_1/behav/xsim'
INFO: [USF-XSim-98] *** Running xsim
   with args "sim_behav -key {Behavioral:sim_1:Functional:sim} -tclbatch {sim.tcl} -log {simulate.log}"
INFO: [USF-XSim-8] Loading simulator feature
Vivado Simulator 2017.4
Time resolution is 1 ps
source sim.tcl
# set curr_wave [current_wave_config]
# if { [string length $curr_wave] == 0 } {
#   if { [llength [get_objects]] > 0} {
#     add_wave /
#     set_property needs_save false [current_wave_config]
#   } else {
#      send_msg_id Add_Wave-1 WARNING "No top level signals found. Simulator will start without a wave window. If you want to open a wave window go to 'File->New Waveform Configuration' or type 'create_wave_config' in the TCL console."
#   }
# }
# run 100us
 Block Memory Generator module loading initial data...
 Block Memory Generator data initialization complete.
Block Memory Generator module sim.top.ifetch.ram.inst.native_mem_module.blk_mem_gen_v8_4_1_inst is using a behavioral model for simulation which will not precisely model memory collision behavior.
 Block Memory Generator module loading initial data...
 Block Memory Generator data initialization complete.
Block Memory Generator module sim.top.dmemory.ram.inst.native_mem_module.blk_mem_gen_v8_4_1_inst is using a behavioral model for simulation which will not precisely model memory collision behavior.
INFO: [Common 17-41] Interrupt caught. Command should exit soon.
run: Time (s): cpu = 00:00:00 ; elapsed = 00:00:13 . Memory (MB): peak = 1186.641 ; gain = 0.000
INFO: [Common 17-344] 'run' was cancelled
INFO: [Common 17-344] 'source' was cancelled
xsim: Time (s): cpu = 00:00:01 ; elapsed = 00:00:15 . Memory (MB): peak = 1186.641 ; gain = 0.000
INFO: [Common 17-344] 'xsim' was cancelled
INFO: [Vivado 12-5357] 'simulate' step aborted
launch_simulation: Time (s): cpu = 00:00:02 ; elapsed = 00:00:20 . Memory (MB): peak = 1186.641 ; gain = 0.000
INFO: [Common 17-344] 'launch_simulation' was cancelled
close_sim
INFO: [Simtcl 6-16] Simulation closed
launch_simulation
INFO: [Vivado 12-5698] Checking validity of IPs in the design for the 'XSim' simulator...
INFO: [Vivado 12-5682] Launching behavioral simulation in 'D:/csw/Desk/CS202/CPU/simple-cpu/cpu/cpu.sim/sim_1/behav/xsim'
INFO: [Vivado 12-4795] Using compiled simulation libraries for IPs
INFO: [SIM-utils-51] Simulation object is 'sim_1'
INFO: [USF-XSim-7] Finding pre-compiled libraries...
INFO: [USF-XSim-11] File 'D:/csw/Xilinx/Vivado/2017.4/data/xsim/ip/xsim_ip.ini' copied to run dir:'D:/csw/Desk/CS202/CPU/simple-cpu/cpu/cpu.sim/sim_1/behav/xsim'
INFO: [SIM-utils-54] Inspecting design source files for 'sim' in fileset 'sim_1'...
INFO: [SIM-utils-43] Exported 'D:/csw/Desk/CS202/CPU/simple-cpu/cpu/cpu.sim/sim_1/behav/xsim/IMem.mif'
INFO: [SIM-utils-43] Exported 'D:/csw/Desk/CS202/CPU/simple-cpu/cpu/cpu.sim/sim_1/behav/xsim/prgmip32.coe'
INFO: [SIM-utils-43] Exported 'D:/csw/Desk/CS202/CPU/simple-cpu/cpu/cpu.sim/sim_1/behav/xsim/RAM.mif'
INFO: [SIM-utils-43] Exported 'D:/csw/Desk/CS202/CPU/simple-cpu/cpu/cpu.sim/sim_1/behav/xsim/dmem32.coe'
INFO: [USF-XSim-97] Finding global include files...
INFO: [USF-XSim-98] Fetching design files from 'sim_1'...
INFO: [USF-XSim-2] XSim::Compile design
INFO: [USF-XSim-61] Executing 'COMPILE and ANALYZE' step in 'D:/csw/Desk/CS202/CPU/simple-cpu/cpu/cpu.sim/sim_1/behav/xsim'
"xvlog --incr --relax -prj sim_vlog.prj"
INFO: [USF-XSim-69] 'compile' step finished in '1' seconds
INFO: [USF-XSim-3] XSim::Elaborate design
INFO: [USF-XSim-61] Executing 'ELABORATE' step in 'D:/csw/Desk/CS202/CPU/simple-cpu/cpu/cpu.sim/sim_1/behav/xsim'
Vivado Simulator 2017.4
Copyright 1986-1999, 2001-2016 Xilinx, Inc. All Rights Reserved.
Running: D:/csw/Xilinx/Vivado/2017.4/bin/unwrapped/win64.o/xelab.exe -wto da155866ffcc4466bc82b15d191e25bc --incr --debug typical --relax --mt 2 -L blk_mem_gen_v8_4_1 -L xil_defaultlib -L unisims_ver -L unimacro_ver -L secureip -L xpm --snapshot sim_behav xil_defaultlib.sim xil_defaultlib.glbl -log elaborate.log 
Using 2 slave threads.
Starting static elaboration
WARNING: [VRFC 10-1783] select index 62 into current_contents is out of bounds [/wrk/2017.4/nightly/2017_12_15_2086221/packages/customer/vivado/data/ip/xilinx/blk_mem_gen_v8_4/simulation/blk_mem_gen_v8_4.v:2420]
Completed static elaboration
INFO: [XSIM 43-4323] No Change in HDL. Linking previously generated obj files to create kernel
INFO: [USF-XSim-69] 'elaborate' step finished in '2' seconds
INFO: [USF-XSim-4] XSim::Simulate design
INFO: [USF-XSim-61] Executing 'SIMULATE' step in 'D:/csw/Desk/CS202/CPU/simple-cpu/cpu/cpu.sim/sim_1/behav/xsim'
INFO: [USF-XSim-98] *** Running xsim
   with args "sim_behav -key {Behavioral:sim_1:Functional:sim} -tclbatch {sim.tcl} -log {simulate.log}"
INFO: [USF-XSim-8] Loading simulator feature
Vivado Simulator 2017.4
Time resolution is 1 ps
source sim.tcl
# set curr_wave [current_wave_config]
# if { [string length $curr_wave] == 0 } {
#   if { [llength [get_objects]] > 0} {
#     add_wave /
#     set_property needs_save false [current_wave_config]
#   } else {
#      send_msg_id Add_Wave-1 WARNING "No top level signals found. Simulator will start without a wave window. If you want to open a wave window go to 'File->New Waveform Configuration' or type 'create_wave_config' in the TCL console."
#   }
# }
# run 100us
 Block Memory Generator module loading initial data...
 Block Memory Generator data initialization complete.
Block Memory Generator module sim.top.ifetch.ram.inst.native_mem_module.blk_mem_gen_v8_4_1_inst is using a behavioral model for simulation which will not precisely model memory collision behavior.
 Block Memory Generator module loading initial data...
 Block Memory Generator data initialization complete.
Block Memory Generator module sim.top.dmemory.ram.inst.native_mem_module.blk_mem_gen_v8_4_1_inst is using a behavioral model for simulation which will not precisely model memory collision behavior.
INFO: [Common 17-41] Interrupt caught. Command should exit soon.
run: Time (s): cpu = 00:00:09 ; elapsed = 00:00:41 . Memory (MB): peak = 1186.641 ; gain = 0.000
INFO: [Common 17-344] 'run' was cancelled
INFO: [Common 17-344] 'source' was cancelled
xsim: Time (s): cpu = 00:00:10 ; elapsed = 00:00:43 . Memory (MB): peak = 1186.641 ; gain = 0.000
INFO: [Common 17-344] 'xsim' was cancelled
INFO: [Vivado 12-5357] 'simulate' step aborted
launch_simulation: Time (s): cpu = 00:00:11 ; elapsed = 00:00:46 . Memory (MB): peak = 1186.641 ; gain = 0.000
INFO: [Common 17-344] 'launch_simulation' was cancelled
update_compile_order -fileset sources_1
update_compile_order -fileset sources_1
close_sim
INFO: [Simtcl 6-16] Simulation closed
launch_simulation
INFO: [Vivado 12-5698] Checking validity of IPs in the design for the 'XSim' simulator...
INFO: [Vivado 12-5682] Launching behavioral simulation in 'D:/csw/Desk/CS202/CPU/simple-cpu/cpu/cpu.sim/sim_1/behav/xsim'
INFO: [Vivado 12-4795] Using compiled simulation libraries for IPs
INFO: [SIM-utils-51] Simulation object is 'sim_1'
INFO: [USF-XSim-7] Finding pre-compiled libraries...
INFO: [USF-XSim-11] File 'D:/csw/Xilinx/Vivado/2017.4/data/xsim/ip/xsim_ip.ini' copied to run dir:'D:/csw/Desk/CS202/CPU/simple-cpu/cpu/cpu.sim/sim_1/behav/xsim'
INFO: [SIM-utils-54] Inspecting design source files for 'sim' in fileset 'sim_1'...
INFO: [SIM-utils-43] Exported 'D:/csw/Desk/CS202/CPU/simple-cpu/cpu/cpu.sim/sim_1/behav/xsim/IMem.mif'
INFO: [SIM-utils-43] Exported 'D:/csw/Desk/CS202/CPU/simple-cpu/cpu/cpu.sim/sim_1/behav/xsim/prgmip32.coe'
INFO: [SIM-utils-43] Exported 'D:/csw/Desk/CS202/CPU/simple-cpu/cpu/cpu.sim/sim_1/behav/xsim/RAM.mif'
INFO: [SIM-utils-43] Exported 'D:/csw/Desk/CS202/CPU/simple-cpu/cpu/cpu.sim/sim_1/behav/xsim/dmem32.coe'
INFO: [USF-XSim-97] Finding global include files...
INFO: [USF-XSim-98] Fetching design files from 'sim_1'...
INFO: [USF-XSim-2] XSim::Compile design
INFO: [USF-XSim-61] Executing 'COMPILE and ANALYZE' step in 'D:/csw/Desk/CS202/CPU/simple-cpu/cpu/cpu.sim/sim_1/behav/xsim'
"xvlog --incr --relax -prj sim_vlog.prj"
INFO: [VRFC 10-2263] Analyzing Verilog file "D:/csw/Desk/CS202/CPU/simple-cpu/cpu/cpu.srcs/sources_1/ip/RAM/sim/RAM.v" into library xil_defaultlib
INFO: [VRFC 10-311] analyzing module RAM
INFO: [VRFC 10-2263] Analyzing Verilog file "D:/csw/Desk/CS202/CPU/simple-cpu/cpu/cpu.srcs/sources_1/ip/IMem/sim/IMem.v" into library xil_defaultlib
INFO: [VRFC 10-311] analyzing module IMem
INFO: [VRFC 10-2263] Analyzing Verilog file "D:/csw/Desk/CS202/CPU/simple-cpu/cpu/cpu.srcs/sources_1/ip/cpuclk/cpuclk_clk_wiz.v" into library xil_defaultlib
INFO: [VRFC 10-311] analyzing module cpuclk_clk_wiz
INFO: [VRFC 10-2263] Analyzing Verilog file "D:/csw/Desk/CS202/CPU/simple-cpu/cpu/cpu.srcs/sources_1/ip/cpuclk/cpuclk.v" into library xil_defaultlib
INFO: [VRFC 10-311] analyzing module cpuclk
INFO: [VRFC 10-2263] Analyzing Verilog file "D:/csw/Desk/CS202/CPU/simple-cpu/cpu/cpu.srcs/sources_1/new/ALU.v" into library xil_defaultlib
INFO: [VRFC 10-311] analyzing module ALU
INFO: [VRFC 10-2263] Analyzing Verilog file "D:/csw/Desk/CS202/CPU/simple-cpu/cpu/cpu.srcs/sources_1/new/Controller.v" into library xil_defaultlib
INFO: [VRFC 10-311] analyzing module Controller
INFO: [VRFC 10-2263] Analyzing Verilog file "D:/csw/Desk/CS202/CPU/simple-cpu/cpu/cpu.srcs/sources_1/new/DMemory.v" into library xil_defaultlib
INFO: [VRFC 10-311] analyzing module DMemory
INFO: [VRFC 10-2263] Analyzing Verilog file "D:/csw/Desk/CS202/CPU/simple-cpu/cpu/cpu.srcs/sources_1/new/HWAssistant.v" into library xil_defaultlib
INFO: [VRFC 10-311] analyzing module HWAssistant
INFO: [VRFC 10-2263] Analyzing Verilog file "D:/csw/Desk/CS202/CPU/simple-cpu/cpu/cpu.srcs/sources_1/new/IDecoder.v" into library xil_defaultlib
INFO: [VRFC 10-311] analyzing module IDecoder
INFO: [VRFC 10-2263] Analyzing Verilog file "D:/csw/Desk/CS202/CPU/simple-cpu/cpu/cpu.srcs/sources_1/new/IFetch.v" into library xil_defaultlib
INFO: [VRFC 10-311] analyzing module IFetch
INFO: [VRFC 10-2263] Analyzing Verilog file "D:/csw/Desk/CS202/CPU/simple-cpu/cpu/cpu.srcs/sources_1/new/PC.v" into library xil_defaultlib
INFO: [VRFC 10-311] analyzing module PC
INFO: [VRFC 10-2263] Analyzing Verilog file "D:/csw/Desk/CS202/CPU/simple-cpu/cpu/cpu.srcs/sources_1/new/Sign_Extend.v" into library xil_defaultlib
INFO: [VRFC 10-311] analyzing module Sign_Extend
INFO: [VRFC 10-2263] Analyzing Verilog file "D:/csw/Desk/CS202/CPU/simple-cpu/cpu/cpu.srcs/sources_1/new/Top.v" into library xil_defaultlib
INFO: [VRFC 10-311] analyzing module Top
INFO: [VRFC 10-2263] Analyzing Verilog file "D:/csw/Desk/CS202/CPU/simple-cpu/cpu/cpu.srcs/sources_1/new/light_7seg_ego1.v" into library xil_defaultlib
INFO: [VRFC 10-311] analyzing module light_7seg_ego1
INFO: [VRFC 10-2263] Analyzing Verilog file "D:/csw/Desk/CS202/CPU/simple-cpu/cpu/cpu.srcs/sources_1/new/refresh_seg_led.v" into library xil_defaultlib
INFO: [VRFC 10-311] analyzing module refresh_seg_led
INFO: [VRFC 10-2263] Analyzing Verilog file "D:/csw/Desk/CS202/CPU/simple-cpu/cpu/cpu.srcs/sim_1/new/sim.v" into library xil_defaultlib
INFO: [VRFC 10-311] analyzing module sim
INFO: [USF-XSim-69] 'compile' step finished in '1' seconds
INFO: [USF-XSim-3] XSim::Elaborate design
INFO: [USF-XSim-61] Executing 'ELABORATE' step in 'D:/csw/Desk/CS202/CPU/simple-cpu/cpu/cpu.sim/sim_1/behav/xsim'
Vivado Simulator 2017.4
Copyright 1986-1999, 2001-2016 Xilinx, Inc. All Rights Reserved.
Running: D:/csw/Xilinx/Vivado/2017.4/bin/unwrapped/win64.o/xelab.exe -wto da155866ffcc4466bc82b15d191e25bc --incr --debug typical --relax --mt 2 -L blk_mem_gen_v8_4_1 -L xil_defaultlib -L unisims_ver -L unimacro_ver -L secureip -L xpm --snapshot sim_behav xil_defaultlib.sim xil_defaultlib.glbl -log elaborate.log 
Using 2 slave threads.
Starting static elaboration
WARNING: [VRFC 10-1783] select index 62 into current_contents is out of bounds [/wrk/2017.4/nightly/2017_12_15_2086221/packages/customer/vivado/data/ip/xilinx/blk_mem_gen_v8_4/simulation/blk_mem_gen_v8_4.v:2420]
Completed static elaboration
Starting simulation data flow analysis
Completed simulation data flow analysis
Time Resolution for simulation is 1ps
Compiling module xil_defaultlib.light_7seg_ego1
Compiling module xil_defaultlib.refresh_seg_led
Compiling module xil_defaultlib.HWAssistant
Compiling module unisims_ver.IBUF
Compiling module unisims_ver.PLLE2_ADV(CLKFBOUT_MULT=46,CLKIN...
Compiling module unisims_ver.BUFG
Compiling module xil_defaultlib.cpuclk_clk_wiz
Compiling module xil_defaultlib.cpuclk
Compiling module xil_defaultlib.PC
Compiling module blk_mem_gen_v8_4_1.blk_mem_gen_v8_4_1_output_stage(...
Compiling module blk_mem_gen_v8_4_1.blk_mem_gen_v8_4_1_softecc_outpu...
Compiling module blk_mem_gen_v8_4_1.blk_mem_gen_v8_4_1_mem_module(C_...
Compiling module blk_mem_gen_v8_4_1.blk_mem_gen_v8_4_1(C_FAMILY="art...
Compiling module xil_defaultlib.IMem
Compiling module xil_defaultlib.IFetch
Compiling module xil_defaultlib.Controller
Compiling module xil_defaultlib.IDecoder
Compiling module xil_defaultlib.ALU
Compiling module blk_mem_gen_v8_4_1.blk_mem_gen_v8_4_1_mem_module(C_...
Compiling module blk_mem_gen_v8_4_1.blk_mem_gen_v8_4_1(C_FAMILY="art...
Compiling module xil_defaultlib.RAM
Compiling module xil_defaultlib.DMemory
Compiling module xil_defaultlib.Sign_Extend
Compiling module xil_defaultlib.Top
Compiling module xil_defaultlib.sim
Compiling module xil_defaultlib.glbl
Built simulation snapshot sim_behav
INFO: [USF-XSim-69] 'elaborate' step finished in '3' seconds
INFO: [USF-XSim-4] XSim::Simulate design
INFO: [USF-XSim-61] Executing 'SIMULATE' step in 'D:/csw/Desk/CS202/CPU/simple-cpu/cpu/cpu.sim/sim_1/behav/xsim'
INFO: [USF-XSim-98] *** Running xsim
   with args "sim_behav -key {Behavioral:sim_1:Functional:sim} -tclbatch {sim.tcl} -log {simulate.log}"
INFO: [USF-XSim-8] Loading simulator feature
Vivado Simulator 2017.4
Time resolution is 1 ps
source sim.tcl
# set curr_wave [current_wave_config]
# if { [string length $curr_wave] == 0 } {
#   if { [llength [get_objects]] > 0} {
#     add_wave /
#     set_property needs_save false [current_wave_config]
#   } else {
#      send_msg_id Add_Wave-1 WARNING "No top level signals found. Simulator will start without a wave window. If you want to open a wave window go to 'File->New Waveform Configuration' or type 'create_wave_config' in the TCL console."
#   }
# }
# run 100us
 Block Memory Generator module loading initial data...
 Block Memory Generator data initialization complete.
Block Memory Generator module sim.top.ifetch.ram.inst.native_mem_module.blk_mem_gen_v8_4_1_inst is using a behavioral model for simulation which will not precisely model memory collision behavior.
 Block Memory Generator module loading initial data...
 Block Memory Generator data initialization complete.
Block Memory Generator module sim.top.dmemory.ram.inst.native_mem_module.blk_mem_gen_v8_4_1_inst is using a behavioral model for simulation which will not precisely model memory collision behavior.
INFO: [Common 17-41] Interrupt caught. Command should exit soon.
run: Time (s): cpu = 00:00:00 ; elapsed = 00:00:11 . Memory (MB): peak = 1186.641 ; gain = 0.000
INFO: [Common 17-344] 'run' was cancelled
INFO: [Common 17-344] 'source' was cancelled
xsim: Time (s): cpu = 00:00:01 ; elapsed = 00:00:13 . Memory (MB): peak = 1186.641 ; gain = 0.000
INFO: [Common 17-344] 'xsim' was cancelled
INFO: [Vivado 12-5357] 'simulate' step aborted
launch_simulation: Time (s): cpu = 00:00:01 ; elapsed = 00:00:18 . Memory (MB): peak = 1186.641 ; gain = 0.000
INFO: [Common 17-344] 'launch_simulation' was cancelled
close_sim
INFO: [Simtcl 6-16] Simulation closed
launch_simulation
INFO: [Vivado 12-5698] Checking validity of IPs in the design for the 'XSim' simulator...
INFO: [Vivado 12-5682] Launching behavioral simulation in 'D:/csw/Desk/CS202/CPU/simple-cpu/cpu/cpu.sim/sim_1/behav/xsim'
INFO: [Vivado 12-4795] Using compiled simulation libraries for IPs
INFO: [SIM-utils-51] Simulation object is 'sim_1'
INFO: [USF-XSim-7] Finding pre-compiled libraries...
INFO: [USF-XSim-11] File 'D:/csw/Xilinx/Vivado/2017.4/data/xsim/ip/xsim_ip.ini' copied to run dir:'D:/csw/Desk/CS202/CPU/simple-cpu/cpu/cpu.sim/sim_1/behav/xsim'
INFO: [SIM-utils-54] Inspecting design source files for 'sim' in fileset 'sim_1'...
INFO: [SIM-utils-43] Exported 'D:/csw/Desk/CS202/CPU/simple-cpu/cpu/cpu.sim/sim_1/behav/xsim/IMem.mif'
INFO: [SIM-utils-43] Exported 'D:/csw/Desk/CS202/CPU/simple-cpu/cpu/cpu.sim/sim_1/behav/xsim/prgmip32.coe'
INFO: [SIM-utils-43] Exported 'D:/csw/Desk/CS202/CPU/simple-cpu/cpu/cpu.sim/sim_1/behav/xsim/RAM.mif'
INFO: [SIM-utils-43] Exported 'D:/csw/Desk/CS202/CPU/simple-cpu/cpu/cpu.sim/sim_1/behav/xsim/dmem32.coe'
INFO: [USF-XSim-97] Finding global include files...
INFO: [USF-XSim-98] Fetching design files from 'sim_1'...
INFO: [USF-XSim-2] XSim::Compile design
INFO: [USF-XSim-61] Executing 'COMPILE and ANALYZE' step in 'D:/csw/Desk/CS202/CPU/simple-cpu/cpu/cpu.sim/sim_1/behav/xsim'
"xvlog --incr --relax -prj sim_vlog.prj"
INFO: [VRFC 10-2263] Analyzing Verilog file "D:/csw/Desk/CS202/CPU/simple-cpu/cpu/cpu.srcs/sources_1/ip/RAM/sim/RAM.v" into library xil_defaultlib
INFO: [VRFC 10-311] analyzing module RAM
INFO: [VRFC 10-2263] Analyzing Verilog file "D:/csw/Desk/CS202/CPU/simple-cpu/cpu/cpu.srcs/sources_1/ip/IMem/sim/IMem.v" into library xil_defaultlib
INFO: [VRFC 10-311] analyzing module IMem
INFO: [VRFC 10-2263] Analyzing Verilog file "D:/csw/Desk/CS202/CPU/simple-cpu/cpu/cpu.srcs/sources_1/ip/cpuclk/cpuclk_clk_wiz.v" into library xil_defaultlib
INFO: [VRFC 10-311] analyzing module cpuclk_clk_wiz
INFO: [VRFC 10-2263] Analyzing Verilog file "D:/csw/Desk/CS202/CPU/simple-cpu/cpu/cpu.srcs/sources_1/ip/cpuclk/cpuclk.v" into library xil_defaultlib
INFO: [VRFC 10-311] analyzing module cpuclk
INFO: [VRFC 10-2263] Analyzing Verilog file "D:/csw/Desk/CS202/CPU/simple-cpu/cpu/cpu.srcs/sources_1/new/ALU.v" into library xil_defaultlib
INFO: [VRFC 10-311] analyzing module ALU
INFO: [VRFC 10-2263] Analyzing Verilog file "D:/csw/Desk/CS202/CPU/simple-cpu/cpu/cpu.srcs/sources_1/new/Controller.v" into library xil_defaultlib
INFO: [VRFC 10-311] analyzing module Controller
INFO: [VRFC 10-2263] Analyzing Verilog file "D:/csw/Desk/CS202/CPU/simple-cpu/cpu/cpu.srcs/sources_1/new/DMemory.v" into library xil_defaultlib
INFO: [VRFC 10-311] analyzing module DMemory
INFO: [VRFC 10-2263] Analyzing Verilog file "D:/csw/Desk/CS202/CPU/simple-cpu/cpu/cpu.srcs/sources_1/new/HWAssistant.v" into library xil_defaultlib
INFO: [VRFC 10-311] analyzing module HWAssistant
INFO: [VRFC 10-2263] Analyzing Verilog file "D:/csw/Desk/CS202/CPU/simple-cpu/cpu/cpu.srcs/sources_1/new/IDecoder.v" into library xil_defaultlib
INFO: [VRFC 10-311] analyzing module IDecoder
INFO: [VRFC 10-2263] Analyzing Verilog file "D:/csw/Desk/CS202/CPU/simple-cpu/cpu/cpu.srcs/sources_1/new/IFetch.v" into library xil_defaultlib
INFO: [VRFC 10-311] analyzing module IFetch
INFO: [VRFC 10-2263] Analyzing Verilog file "D:/csw/Desk/CS202/CPU/simple-cpu/cpu/cpu.srcs/sources_1/new/PC.v" into library xil_defaultlib
INFO: [VRFC 10-311] analyzing module PC
INFO: [VRFC 10-2263] Analyzing Verilog file "D:/csw/Desk/CS202/CPU/simple-cpu/cpu/cpu.srcs/sources_1/new/Sign_Extend.v" into library xil_defaultlib
INFO: [VRFC 10-311] analyzing module Sign_Extend
INFO: [VRFC 10-2263] Analyzing Verilog file "D:/csw/Desk/CS202/CPU/simple-cpu/cpu/cpu.srcs/sources_1/new/Top.v" into library xil_defaultlib
INFO: [VRFC 10-311] analyzing module Top
INFO: [VRFC 10-2263] Analyzing Verilog file "D:/csw/Desk/CS202/CPU/simple-cpu/cpu/cpu.srcs/sources_1/new/light_7seg_ego1.v" into library xil_defaultlib
INFO: [VRFC 10-311] analyzing module light_7seg_ego1
INFO: [VRFC 10-2263] Analyzing Verilog file "D:/csw/Desk/CS202/CPU/simple-cpu/cpu/cpu.srcs/sources_1/new/refresh_seg_led.v" into library xil_defaultlib
INFO: [VRFC 10-311] analyzing module refresh_seg_led
INFO: [VRFC 10-2263] Analyzing Verilog file "D:/csw/Desk/CS202/CPU/simple-cpu/cpu/cpu.srcs/sim_1/new/sim.v" into library xil_defaultlib
INFO: [VRFC 10-311] analyzing module sim
INFO: [USF-XSim-69] 'compile' step finished in '1' seconds
INFO: [USF-XSim-3] XSim::Elaborate design
INFO: [USF-XSim-61] Executing 'ELABORATE' step in 'D:/csw/Desk/CS202/CPU/simple-cpu/cpu/cpu.sim/sim_1/behav/xsim'
Vivado Simulator 2017.4
Copyright 1986-1999, 2001-2016 Xilinx, Inc. All Rights Reserved.
Running: D:/csw/Xilinx/Vivado/2017.4/bin/unwrapped/win64.o/xelab.exe -wto da155866ffcc4466bc82b15d191e25bc --incr --debug typical --relax --mt 2 -L blk_mem_gen_v8_4_1 -L xil_defaultlib -L unisims_ver -L unimacro_ver -L secureip -L xpm --snapshot sim_behav xil_defaultlib.sim xil_defaultlib.glbl -log elaborate.log 
Using 2 slave threads.
Starting static elaboration
WARNING: [VRFC 10-1783] select index 62 into current_contents is out of bounds [/wrk/2017.4/nightly/2017_12_15_2086221/packages/customer/vivado/data/ip/xilinx/blk_mem_gen_v8_4/simulation/blk_mem_gen_v8_4.v:2420]
Completed static elaboration
Starting simulation data flow analysis
Completed simulation data flow analysis
Time Resolution for simulation is 1ps
Compiling module xil_defaultlib.light_7seg_ego1
Compiling module xil_defaultlib.refresh_seg_led
Compiling module xil_defaultlib.HWAssistant
Compiling module unisims_ver.IBUF
Compiling module unisims_ver.PLLE2_ADV(CLKFBOUT_MULT=46,CLKIN...
Compiling module unisims_ver.BUFG
Compiling module xil_defaultlib.cpuclk_clk_wiz
Compiling module xil_defaultlib.cpuclk
Compiling module xil_defaultlib.PC
Compiling module blk_mem_gen_v8_4_1.blk_mem_gen_v8_4_1_output_stage(...
Compiling module blk_mem_gen_v8_4_1.blk_mem_gen_v8_4_1_softecc_outpu...
Compiling module blk_mem_gen_v8_4_1.blk_mem_gen_v8_4_1_mem_module(C_...
Compiling module blk_mem_gen_v8_4_1.blk_mem_gen_v8_4_1(C_FAMILY="art...
Compiling module xil_defaultlib.IMem
Compiling module xil_defaultlib.IFetch
Compiling module xil_defaultlib.Controller
Compiling module xil_defaultlib.IDecoder
Compiling module xil_defaultlib.ALU
Compiling module blk_mem_gen_v8_4_1.blk_mem_gen_v8_4_1_mem_module(C_...
Compiling module blk_mem_gen_v8_4_1.blk_mem_gen_v8_4_1(C_FAMILY="art...
Compiling module xil_defaultlib.RAM
Compiling module xil_defaultlib.DMemory
Compiling module xil_defaultlib.Sign_Extend
Compiling module xil_defaultlib.Top
Compiling module xil_defaultlib.sim
Compiling module xil_defaultlib.glbl
Built simulation snapshot sim_behav
INFO: [USF-XSim-69] 'elaborate' step finished in '3' seconds
INFO: [USF-XSim-4] XSim::Simulate design
INFO: [USF-XSim-61] Executing 'SIMULATE' step in 'D:/csw/Desk/CS202/CPU/simple-cpu/cpu/cpu.sim/sim_1/behav/xsim'
INFO: [USF-XSim-98] *** Running xsim
   with args "sim_behav -key {Behavioral:sim_1:Functional:sim} -tclbatch {sim.tcl} -log {simulate.log}"
INFO: [USF-XSim-8] Loading simulator feature
Vivado Simulator 2017.4
Time resolution is 1 ps
source sim.tcl
# set curr_wave [current_wave_config]
# if { [string length $curr_wave] == 0 } {
#   if { [llength [get_objects]] > 0} {
#     add_wave /
#     set_property needs_save false [current_wave_config]
#   } else {
#      send_msg_id Add_Wave-1 WARNING "No top level signals found. Simulator will start without a wave window. If you want to open a wave window go to 'File->New Waveform Configuration' or type 'create_wave_config' in the TCL console."
#   }
# }
# run 100us
 Block Memory Generator module loading initial data...
 Block Memory Generator data initialization complete.
Block Memory Generator module sim.top.ifetch.ram.inst.native_mem_module.blk_mem_gen_v8_4_1_inst is using a behavioral model for simulation which will not precisely model memory collision behavior.
 Block Memory Generator module loading initial data...
 Block Memory Generator data initialization complete.
Block Memory Generator module sim.top.dmemory.ram.inst.native_mem_module.blk_mem_gen_v8_4_1_inst is using a behavioral model for simulation which will not precisely model memory collision behavior.
INFO: [Common 17-41] Interrupt caught. Command should exit soon.
run: Time (s): cpu = 00:00:00 ; elapsed = 00:00:11 . Memory (MB): peak = 1186.641 ; gain = 0.000
INFO: [Common 17-344] 'run' was cancelled
INFO: [Common 17-344] 'source' was cancelled
xsim: Time (s): cpu = 00:00:03 ; elapsed = 00:00:13 . Memory (MB): peak = 1186.641 ; gain = 0.000
INFO: [Common 17-344] 'xsim' was cancelled
INFO: [Vivado 12-5357] 'simulate' step aborted
launch_simulation: Time (s): cpu = 00:00:03 ; elapsed = 00:00:18 . Memory (MB): peak = 1186.641 ; gain = 0.000
INFO: [Common 17-344] 'launch_simulation' was cancelled
close_sim
INFO: [Simtcl 6-16] Simulation closed
exit
INFO: [Common 17-206] Exiting Vivado at Tue May 16 22:49:16 2023...
