#-----------------------------------------------------------
# Vivado v2017.4 (64-bit)
# SW Build 2086221 on Fri Dec 15 20:55:39 MST 2017
# IP Build 2085800 on Fri Dec 15 22:25:07 MST 2017
# Start of session at: Wed May 10 10:03:27 2023
# Process ID: 12920
# Current directory: D:/csw/Desk/CS202/CPU/simple-cpu/cpu
# Command line: vivado.exe -gui_launcher_event rodinguilauncherevent4644 D:\csw\Desk\CS202\CPU\simple-cpu\cpu\cpu.xpr
# Log file: D:/csw/Desk/CS202/CPU/simple-cpu/cpu/vivado.log
# Journal file: D:/csw/Desk/CS202/CPU/simple-cpu/cpu\vivado.jou
#-----------------------------------------------------------
start_gui
open_project D:/csw/Desk/CS202/CPU/simple-cpu/cpu/cpu.xpr
Scanning sources...
Finished scanning sources
INFO: [IP_Flow 19-234] Refreshing IP repositories
INFO: [IP_Flow 19-1704] No user IP repositories specified
INFO: [IP_Flow 19-2313] Loaded Vivado IP repository 'D:/csw/Xilinx/Vivado/2017.4/data/ip'.
update_compile_order -fileset sources_1
close [ open D:/csw/Desk/CS202/CPU/simple-cpu/cpu/cpu.srcs/sources_1/new/Sign_Extend.v w ]
add_files D:/csw/Desk/CS202/CPU/simple-cpu/cpu/cpu.srcs/sources_1/new/Sign_Extend.v
update_compile_order -fileset sources_1
close [ open D:/csw/Desk/CS202/CPU/simple-cpu/cpu/cpu.srcs/sources_1/new/IDecoder.v w ]
add_files D:/csw/Desk/CS202/CPU/simple-cpu/cpu/cpu.srcs/sources_1/new/IDecoder.v
update_compile_order -fileset sources_1
close [ open D:/csw/Desk/CS202/CPU/simple-cpu/cpu/cpu.srcs/sources_1/new/DMemory.v w ]
add_files D:/csw/Desk/CS202/CPU/simple-cpu/cpu/cpu.srcs/sources_1/new/DMemory.v
update_compile_order -fileset sources_1
exit
INFO: [Common 17-206] Exiting Vivado at Wed May 10 10:57:32 2023...
