INFO: [VRFC 10-2263] Analyzing Verilog file "D:/csw/Desk/CS202/CPU/simple-cpu/cpu/cpu.srcs/sources_1/ip/RAM/sim/RAM.v" into library xil_defaultlib
INFO: [VRFC 10-311] analyzing module RAM
INFO: [VRFC 10-2263] Analyzing Verilog file "D:/csw/Desk/CS202/CPU/simple-cpu/cpu/cpu.srcs/sources_1/ip/IMem/sim/IMem.v" into library xil_defaultlib
INFO: [VRFC 10-311] analyzing module IMem
INFO: [VRFC 10-2263] Analyzing Verilog file "D:/csw/Desk/CS202/CPU/simple-cpu/cpu/cpu.srcs/sources_1/ip/cpuclk/cpuclk_clk_wiz.v" into library xil_defaultlib
INFO: [VRFC 10-311] analyzing module cpuclk_clk_wiz
INFO: [VRFC 10-2263] Analyzing Verilog file "D:/csw/Desk/CS202/CPU/simple-cpu/cpu/cpu.srcs/sources_1/ip/cpuclk/cpuclk.v" into library xil_defaultlib
INFO: [VRFC 10-311] analyzing module cpuclk
INFO: [VRFC 10-2263] Analyzing Verilog file "D:/csw/Desk/CS202/CPU/simple-cpu/cpu/cpu.srcs/sources_1/new/ALU.v" into library xil_defaultlib
INFO: [VRFC 10-311] analyzing module ALU
INFO: [VRFC 10-2263] Analyzing Verilog file "D:/csw/Desk/CS202/CPU/simple-cpu/cpu/cpu.srcs/sources_1/new/Controller.v" into library xil_defaultlib
INFO: [VRFC 10-311] analyzing module Controller
INFO: [VRFC 10-2263] Analyzing Verilog file "D:/csw/Desk/CS202/CPU/simple-cpu/cpu/cpu.srcs/sources_1/new/DMemory.v" into library xil_defaultlib
INFO: [VRFC 10-311] analyzing module DMemory
INFO: [VRFC 10-2263] Analyzing Verilog file "D:/csw/Desk/CS202/CPU/simple-cpu/cpu/cpu.srcs/sources_1/new/HWAssistant.v" into library xil_defaultlib
INFO: [VRFC 10-311] analyzing module HWAssistant
INFO: [VRFC 10-2263] Analyzing Verilog file "D:/csw/Desk/CS202/CPU/simple-cpu/cpu/cpu.srcs/sources_1/new/IDecoder.v" into library xil_defaultlib
INFO: [VRFC 10-311] analyzing module IDecoder
INFO: [VRFC 10-2263] Analyzing Verilog file "D:/csw/Desk/CS202/CPU/simple-cpu/cpu/cpu.srcs/sources_1/new/IFetch.v" into library xil_defaultlib
INFO: [VRFC 10-311] analyzing module IFetch
INFO: [VRFC 10-2263] Analyzing Verilog file "D:/csw/Desk/CS202/CPU/simple-cpu/cpu/cpu.srcs/sources_1/new/PC.v" into library xil_defaultlib
INFO: [VRFC 10-311] analyzing module PC
INFO: [VRFC 10-2263] Analyzing Verilog file "D:/csw/Desk/CS202/CPU/simple-cpu/cpu/cpu.srcs/sources_1/new/Sign_Extend.v" into library xil_defaultlib
INFO: [VRFC 10-311] analyzing module Sign_Extend
INFO: [VRFC 10-2263] Analyzing Verilog file "D:/csw/Desk/CS202/CPU/simple-cpu/cpu/cpu.srcs/sources_1/new/Top.v" into library xil_defaultlib
INFO: [VRFC 10-311] analyzing module Top
INFO: [VRFC 10-2263] Analyzing Verilog file "D:/csw/Desk/CS202/CPU/simple-cpu/cpu/cpu.srcs/sources_1/new/light_7seg_ego1.v" into library xil_defaultlib
INFO: [VRFC 10-311] analyzing module light_7seg_ego1
INFO: [VRFC 10-2263] Analyzing Verilog file "D:/csw/Desk/CS202/CPU/simple-cpu/cpu/cpu.srcs/sources_1/new/refresh_seg_led.v" into library xil_defaultlib
INFO: [VRFC 10-311] analyzing module refresh_seg_led
INFO: [VRFC 10-2263] Analyzing Verilog file "D:/csw/Desk/CS202/CPU/simple-cpu/cpu/cpu.srcs/sim_1/new/sim.v" into library xil_defaultlib
INFO: [VRFC 10-311] analyzing module sim
