Vivado Simulator 2017.4
Copyright 1986-1999, 2001-2016 Xilinx, Inc. All Rights Reserved.
Running: D:/csw/Xilinx/Vivado/2017.4/bin/unwrapped/win64.o/xelab.exe -wto da155866ffcc4466bc82b15d191e25bc --incr --debug typical --relax --mt 2 -L blk_mem_gen_v8_4_1 -L xil_defaultlib -L unisims_ver -L unimacro_ver -L secureip -L xpm --snapshot sim_behav xil_defaultlib.sim xil_defaultlib.glbl -log elaborate.log 
Using 2 slave threads.
Starting static elaboration
WARNING: [VRFC 10-1783] select index 62 into current_contents is out of bounds [/wrk/2017.4/nightly/2017_12_15_2086221/packages/customer/vivado/data/ip/xilinx/blk_mem_gen_v8_4/simulation/blk_mem_gen_v8_4.v:2420]
Completed static elaboration
Starting simulation data flow analysis
Completed simulation data flow analysis
Time Resolution for simulation is 1ps
Compiling module xil_defaultlib.light_7seg_ego1
Compiling module xil_defaultlib.refresh_seg_led
Compiling module xil_defaultlib.HWAssistant
Compiling module unisims_ver.IBUF
Compiling module unisims_ver.PLLE2_ADV(CLKFBOUT_MULT=46,CLKIN...
Compiling module unisims_ver.BUFG
Compiling module xil_defaultlib.cpuclk_clk_wiz
Compiling module xil_defaultlib.cpuclk
Compiling module xil_defaultlib.PC
Compiling module blk_mem_gen_v8_4_1.blk_mem_gen_v8_4_1_output_stage(...
Compiling module blk_mem_gen_v8_4_1.blk_mem_gen_v8_4_1_softecc_outpu...
Compiling module blk_mem_gen_v8_4_1.blk_mem_gen_v8_4_1_mem_module(C_...
Compiling module blk_mem_gen_v8_4_1.blk_mem_gen_v8_4_1(C_FAMILY="art...
Compiling module xil_defaultlib.IMem
Compiling module xil_defaultlib.IFetch
Compiling module xil_defaultlib.Controller
Compiling module xil_defaultlib.IDecoder
Compiling module xil_defaultlib.ALU
Compiling module blk_mem_gen_v8_4_1.blk_mem_gen_v8_4_1_mem_module(C_...
Compiling module blk_mem_gen_v8_4_1.blk_mem_gen_v8_4_1(C_FAMILY="art...
Compiling module xil_defaultlib.RAM
Compiling module xil_defaultlib.DMemory
Compiling module xil_defaultlib.Sign_Extend
Compiling module xil_defaultlib.Top
Compiling module xil_defaultlib.sim
Compiling module xil_defaultlib.glbl
Built simulation snapshot sim_behav
